[2016-07-24 14:26:21] local.ERROR: exception 'PDOException' with message 'SQLSTATE[42S22]: Column not found: 1054 Unknown column 'seo_image' in 'field list'' in /home/mobileoptin/public_html/editor/vendor/laravel/framework/src/Illuminate/Database/Connection.php:382
Stack trace:
#0 /home/mobileoptin/public_html/editor/vendor/laravel/framework/src/Illuminate/Database/Connection.php(382): PDO->prepare('update `campaig...')
#1 /home/mobileoptin/public_html/editor/vendor/laravel/framework/src/Illuminate/Database/Connection.php(616): Illuminate\Database\Connection->Illuminate\Database\{closure}(Object(Illuminate\Database\MySqlConnection), 'update `campaig...', Array)
#2 /home/mobileoptin/public_html/editor/vendor/laravel/framework/src/Illuminate/Database/Connection.php(580): Illuminate\Database\Connection->runQueryCallback('update `campaig...', Array, Object(Closure))
#3 /home/mobileoptin/public_html/editor/vendor/laravel/framework/src/Illuminate/Database/Connection.php(387): Illuminate\Database\Connection->run('update `campaig...', Array, Object(Closure))
#4 /home/mobileoptin/public_html/editor/vendor/laravel/framework/src/Illuminate/Database/Connection.php(332): Illuminate\Database\Connection->affectingStatement('update `campaig...', Array)
#5 /home/mobileoptin/public_html/editor/vendor/laravel/framework/src/Illuminate/Database/Query/Builder.php(1740): Illuminate\Database\Connection->update('update `campaig...', Array)
#6 /home/mobileoptin/public_html/editor/vendor/laravel/framework/src/Illuminate/Database/Eloquent/Builder.php(288): Illuminate\Database\Query\Builder->update(Array)
#7 /home/mobileoptin/public_html/editor/vendor/laravel/framework/src/Illuminate/Database/Eloquent/Model.php(1544): Illuminate\Database\Eloquent\Builder->update(Array)
#8 /home/mobileoptin/public_html/editor/vendor/laravel/framework/src/Illuminate/Database/Eloquent/Model.php(1477): Illuminate\Database\Eloquent\Model->performUpdate(Object(Illuminate\Database\Eloquent\Builder), Array)
#9 /home/mobileoptin/public_html/editor/app/Http/Controllers/CampaignsController.php(286): Illuminate\Database\Eloquent\Model->save()
#10 [internal function]: MobileOptin\Http\Controllers\CampaignsController->seoImageV2(Object(Illuminate\Http\Request))
#11 /home/mobileoptin/public_html/editor/vendor/laravel/framework/src/Illuminate/Routing/Controller.php(246): call_user_func_array(Array, Array)
#12 /home/mobileoptin/public_html/editor/vendor/laravel/framework/src/Illuminate/Routing/ControllerDispatcher.php(162): Illuminate\Routing\Controller->callAction('seoImageV2', Array)
#13 /home/mobileoptin/public_html/editor/vendor/laravel/framework/src/Illuminate/Routing/ControllerDispatcher.php(107): Illuminate\Routing\ControllerDispatcher->call(Object(MobileOptin\Http\Controllers\CampaignsController), Object(Illuminate\Routing\Route), 'seoImageV2')
#14 [internal function]: Illuminate\Routing\ControllerDispatcher->Illuminate\Routing\{closure}(Object(Illuminate\Http\Request))
#15 /home/mobileoptin/public_html/editor/vendor/laravel/framework/src/Illuminate/Pipeline/Pipeline.php(141): call_user_func(Object(Closure), Object(Illuminate\Http\Request))
#16 [internal function]: Illuminate\Pipeline\Pipeline->Illuminate\Pipeline\{closure}(Object(Illuminate\Http\Request))
#17 /home/mobileoptin/public_html/editor/vendor/laravel/framework/src/Illuminate/Pipeline/Pipeline.php(101): call_user_func(Object(Closure), Object(Illuminate\Http\Request))
#18 /home/mobileoptin/public_html/editor/vendor/laravel/framework/src/Illuminate/Routing/ControllerDispatcher.php(108): Illuminate\Pipeline\Pipeline->then(Object(Closure))
#19 /home/mobileoptin/public_html/editor/vendor/laravel/framework/src/Illuminate/Routing/ControllerDispatcher.php(67): Illuminate\Routing\ControllerDispatcher->callWithinStack(Object(MobileOptin\Http\Controllers\CampaignsController), Object(Illuminate\Routing\Route), Object(Illuminate\Http\Request), 'seoImageV2')
#20 /home/mobileoptin/public_html/editor/vendor/laravel/framework/src/Illuminate/Routing/Route.php(204): Illuminate\Routing\ControllerDispatcher->dispatch(Object(Illuminate\Routing\Route), Object(Illuminate\Http\Request), 'MobileOptin\\Htt...', 'seoImageV2')
#21 /home/mobileoptin/public_html/editor/vendor/laravel/framework/src/Illuminate/Routing/Route.php(134): Illuminate\Routing\Route->runWithCustomDispatcher(Object(Illuminate\Http\Request))
#22 /home/mobileoptin/public_html/editor/vendor/laravel/framework/src/Illuminate/Routing/Router.php(701): Illuminate\Routing\Route->run(Object(Illuminate\Http\Request))
#23 [internal function]: Illuminate\Routing\Router->Illuminate\Routing\{closure}(Object(Illuminate\Http\Request))
#24 /home/mobileoptin/public_html/editor/vendor/laravel/framework/src/Illuminate/Pipeline/Pipeline.php(141): call_user_func(Object(Closure), Object(Illuminate\Http\Request))
#25 /home/mobileoptin/public_html/editor/app/Http/Middleware/Authenticate.php(47): Illuminate\Pipeline\Pipeline->Illuminate\Pipeline\{closure}(Object(Illuminate\Http\Request))
#26 /home/mobileoptin/public_html/editor/vendor/laravel/framework/src/Illuminate/Pipeline/Pipeline.php(125): MobileOptin\Http\Middleware\Authenticate->handle(Object(Illuminate\Http\Request), Object(Closure))
#27 [internal function]: Illuminate\Pipeline\Pipeline->Illuminate\Pipeline\{closure}(Object(Illuminate\Http\Request))
#28 /home/mobileoptin/public_html/editor/vendor/laravel/framework/src/Illuminate/Pipeline/Pipeline.php(101): call_user_func(Object(Closure), Object(Illuminate\Http\Request))
#29 /home/mobileoptin/public_html/editor/vendor/laravel/framework/src/Illuminate/Routing/Router.php(703): Illuminate\Pipeline\Pipeline->then(Object(Closure))
#30 /home/mobileoptin/public_html/editor/vendor/laravel/framework/src/Illuminate/Routing/Router.php(670): Illuminate\Routing\Router->runRouteWithinStack(Object(Illuminate\Routing\Route), Object(Illuminate\Http\Request))
#31 /home/mobileoptin/public_html/editor/vendor/laravel/framework/src/Illuminate/Routing/Router.php(628): Illuminate\Routing\Router->dispatchToRoute(Object(Illuminate\Http\Request))
#32 /home/mobileoptin/public_html/editor/vendor/laravel/framework/src/Illuminate/Foundation/Http/Kernel.php(214): Illuminate\Routing\Router->dispatch(Object(Illuminate\Http\Request))
#33 [internal function]: Illuminate\Foundation\Http\Kernel->Illuminate\Foundation\Http\{closure}(Object(Illuminate\Http\Request))
#34 /home/mobileoptin/public_html/editor/vendor/laravel/framework/src/Illuminate/Pipeline/Pipeline.php(141): call_user_func(Object(Closure), Object(Illuminate\Http\Request))
#35 /home/mobileoptin/public_html/editor/vendor/itsgoingd/clockwork/Clockwork/Support/Laravel/ClockworkMiddleware.php(42): Illuminate\Pipeline\Pipeline->Illuminate\Pipeline\{closure}(Object(Illuminate\Http\Request))
#36 /home/mobileoptin/public_html/editor/vendor/laravel/framework/src/Illuminate/Pipeline/Pipeline.php(125): Clockwork\Support\Laravel\ClockworkMiddleware->handle(Object(Illuminate\Http\Request), Object(Closure))
#37 /home/mobileoptin/public_html/editor/vendor/laravel/framework/src/Illuminate/Foundation/Http/Middleware/VerifyCsrfToken.php(43): Illuminate\Pipeline\Pipeline->Illuminate\Pipeline\{closure}(Object(Illuminate\Http\Request))
#38 /home/mobileoptin/public_html/editor/app/Http/Middleware/VerifyCsrfToken.php(21): Illuminate\Foundation\Http\Middleware\VerifyCsrfToken->handle(Object(Illuminate\Http\Request), Object(Closure))
#39 /home/mobileoptin/public_html/editor/vendor/laravel/framework/src/Illuminate/Pipeline/Pipeline.php(125): MobileOptin\Http\Middleware\VerifyCsrfToken->handle(Object(Illuminate\Http\Request), Object(Closure))
#40 /home/mobileoptin/public_html/editor/vendor/laravel/framework/src/Illuminate/View/Middleware/ShareErrorsFromSession.php(55): Illuminate\Pipeline\Pipeline->Illuminate\Pipeline\{closure}(Object(Illuminate\Http\Request))
#41 /home/mobileoptin/public_html/editor/vendor/laravel/framework/src/Illuminate/Pipeline/Pipeline.php(125): Illuminate\View\Middleware\ShareErrorsFromSession->handle(Object(Illuminate\Http\Request), Object(Closure))
#42 /home/mobileoptin/public_html/editor/vendor/laravel/framework/src/Illuminate/Session/Middleware/StartSession.php(61): Illuminate\Pipeline\Pipeline->Illuminate\Pipeline\{closure}(Object(Illuminate\Http\Request))
#43 /home/mobileoptin/public_html/editor/vendor/laravel/framework/src/Illuminate/Pipeline/Pipeline.php(125): Illuminate\Session\Middleware\StartSession->handle(Object(Illuminate\Http\Request), Object(Closure))
#44 /home/mobileoptin/public_html/editor/vendor/laravel/framework/src/Illuminate/Cookie/Middleware/AddQueuedCookiesToResponse.php(36): Illuminate\Pipeline\Pipeline->Illuminate\Pipeline\{closure}(Object(Illuminate\Http\Request))
#45 /home/mobileoptin/public_html/editor/vendor/laravel/framework/src/Illuminate/Pipeline/Pipeline.php(125): Illuminate\Cookie\Middleware\AddQueuedCookiesToResponse->handle(Object(Illuminate\Http\Request), Object(Closure))
#46 /home/mobileoptin/public_html/editor/vendor/laravel/framework/src/Illuminate/Cookie/Middleware/EncryptCookies.php(40): Illuminate\Pipeline\Pipeline->Illuminate\Pipeline\{closure}(Object(Illuminate\Http\Request))
#47 /home/mobileoptin/public_html/editor/vendor/laravel/framework/src/Illuminate/Pipeline/Pipeline.php(125): Illuminate\Cookie\Middleware\EncryptCookies->handle(Object(Illuminate\Http\Request), Object(Closure))
#48 /home/mobileoptin/public_html/editor/vendor/laravel/framework/src/Illuminate/Foundation/Http/Middleware/CheckForMaintenanceMode.php(42): Illuminate\Pipeline\Pipeline->Illuminate\Pipeline\{closure}(Object(Illuminate\Http\Request))
#49 /home/mobileoptin/public_html/editor/vendor/laravel/framework/src/Illuminate/Pipeline/Pipeline.php(125): Illuminate\Foundation\Http\Middleware\CheckForMaintenanceMode->handle(Object(Illuminate\Http\Request), Object(Closure))
#50 [internal function]: Illuminate\Pipeline\Pipeline->Illuminate\Pipeline\{closure}(Object(Illuminate\Http\Request))
#51 /home/mobileoptin/public_html/editor/vendor/laravel/framework/src/Illuminate/Pipeline/Pipeline.php(101): call_user_func(Object(Closure), Object(Illuminate\Http\Request))
#52 /home/mobileoptin/public_html/editor/vendor/laravel/framework/src/Illuminate/Foundation/Http/Kernel.php(115): Illuminate\Pipeline\Pipeline->then(Object(Closure))
#53 /home/mobileoptin/public_html/editor/vendor/laravel/framework/src/Illuminate/Foundation/Http/Kernel.php(84): Illuminate\Foundation\Http\Kernel->sendRequestThroughRouter(Object(Illuminate\Http\Request))
#54 /home/mobileoptin/public_html/editor/public/index.php(54): Illuminate\Foundation\Http\Kernel->handle(Object(Illuminate\Http\Request))
#55 {main}

Next exception 'Illuminate\Database\QueryException' with message 'SQLSTATE[42S22]: Column not found: 1054 Unknown column 'seo_image' in 'field list' (SQL: update `campaign_seo` set `updated_at` = 2016-07-24 14:26:21, `seo_image` = Fgwwzm67UMxKVsnSU1AK58ucMTUyZXm5.png where `id` = 3)' in /home/mobileoptin/public_html/editor/vendor/laravel/framework/src/Illuminate/Database/Connection.php:624
Stack trace:
#0 /home/mobileoptin/public_html/editor/vendor/laravel/framework/src/Illuminate/Database/Connection.php(580): Illuminate\Database\Connection->runQueryCallback('update `campaig...', Array, Object(Closure))
#1 /home/mobileoptin/public_html/editor/vendor/laravel/framework/src/Illuminate/Database/Connection.php(387): Illuminate\Database\Connection->run('update `campaig...', Array, Object(Closure))
#2 /home/mobileoptin/public_html/editor/vendor/laravel/framework/src/Illuminate/Database/Connection.php(332): Illuminate\Database\Connection->affectingStatement('update `campaig...', Array)
#3 /home/mobileoptin/public_html/editor/vendor/laravel/framework/src/Illuminate/Database/Query/Builder.php(1740): Illuminate\Database\Connection->update('update `campaig...', Array)
#4 /home/mobileoptin/public_html/editor/vendor/laravel/framework/src/Illuminate/Database/Eloquent/Builder.php(288): Illuminate\Database\Query\Builder->update(Array)
#5 /home/mobileoptin/public_html/editor/vendor/laravel/framework/src/Illuminate/Database/Eloquent/Model.php(1544): Illuminate\Database\Eloquent\Builder->update(Array)
#6 /home/mobileoptin/public_html/editor/vendor/laravel/framework/src/Illuminate/Database/Eloquent/Model.php(1477): Illuminate\Database\Eloquent\Model->performUpdate(Object(Illuminate\Database\Eloquent\Builder), Array)
#7 /home/mobileoptin/public_html/editor/app/Http/Controllers/CampaignsController.php(286): Illuminate\Database\Eloquent\Model->save()
#8 [internal function]: MobileOptin\Http\Controllers\CampaignsController->seoImageV2(Object(Illuminate\Http\Request))
#9 /home/mobileoptin/public_html/editor/vendor/laravel/framework/src/Illuminate/Routing/Controller.php(246): call_user_func_array(Array, Array)
#10 /home/mobileoptin/public_html/editor/vendor/laravel/framework/src/Illuminate/Routing/ControllerDispatcher.php(162): Illuminate\Routing\Controller->callAction('seoImageV2', Array)
#11 /home/mobileoptin/public_html/editor/vendor/laravel/framework/src/Illuminate/Routing/ControllerDispatcher.php(107): Illuminate\Routing\ControllerDispatcher->call(Object(MobileOptin\Http\Controllers\CampaignsController), Object(Illuminate\Routing\Route), 'seoImageV2')
#12 [internal function]: Illuminate\Routing\ControllerDispatcher->Illuminate\Routing\{closure}(Object(Illuminate\Http\Request))
#13 /home/mobileoptin/public_html/editor/vendor/laravel/framework/src/Illuminate/Pipeline/Pipeline.php(141): call_user_func(Object(Closure), Object(Illuminate\Http\Request))
#14 [internal function]: Illuminate\Pipeline\Pipeline->Illuminate\Pipeline\{closure}(Object(Illuminate\Http\Request))
#15 /home/mobileoptin/public_html/editor/vendor/laravel/framework/src/Illuminate/Pipeline/Pipeline.php(101): call_user_func(Object(Closure), Object(Illuminate\Http\Request))
#16 /home/mobileoptin/public_html/editor/vendor/laravel/framework/src/Illuminate/Routing/ControllerDispatcher.php(108): Illuminate\Pipeline\Pipeline->then(Object(Closure))
#17 /home/mobileoptin/public_html/editor/vendor/laravel/framework/src/Illuminate/Routing/ControllerDispatcher.php(67): Illuminate\Routing\ControllerDispatcher->callWithinStack(Object(MobileOptin\Http\Controllers\CampaignsController), Object(Illuminate\Routing\Route), Object(Illuminate\Http\Request), 'seoImageV2')
#18 /home/mobileoptin/public_html/editor/vendor/laravel/framework/src/Illuminate/Routing/Route.php(204): Illuminate\Routing\ControllerDispatcher->dispatch(Object(Illuminate\Routing\Route), Object(Illuminate\Http\Request), 'MobileOptin\\Htt...', 'seoImageV2')
#19 /home/mobileoptin/public_html/editor/vendor/laravel/framework/src/Illuminate/Routing/Route.php(134): Illuminate\Routing\Route->runWithCustomDispatcher(Object(Illuminate\Http\Request))
#20 /home/mobileoptin/public_html/editor/vendor/laravel/framework/src/Illuminate/Routing/Router.php(701): Illuminate\Routing\Route->run(Object(Illuminate\Http\Request))
#21 [internal function]: Illuminate\Routing\Router->Illuminate\Routing\{closure}(Object(Illuminate\Http\Request))
#22 /home/mobileoptin/public_html/editor/vendor/laravel/framework/src/Illuminate/Pipeline/Pipeline.php(141): call_user_func(Object(Closure), Object(Illuminate\Http\Request))
#23 /home/mobileoptin/public_html/editor/app/Http/Middleware/Authenticate.php(47): Illuminate\Pipeline\Pipeline->Illuminate\Pipeline\{closure}(Object(Illuminate\Http\Request))
#24 /home/mobileoptin/public_html/editor/vendor/laravel/framework/src/Illuminate/Pipeline/Pipeline.php(125): MobileOptin\Http\Middleware\Authenticate->handle(Object(Illuminate\Http\Request), Object(Closure))
#25 [internal function]: Illuminate\Pipeline\Pipeline->Illuminate\Pipeline\{closure}(Object(Illuminate\Http\Request))
#26 /home/mobileoptin/public_html/editor/vendor/laravel/framework/src/Illuminate/Pipeline/Pipeline.php(101): call_user_func(Object(Closure), Object(Illuminate\Http\Request))
#27 /home/mobileoptin/public_html/editor/vendor/laravel/framework/src/Illuminate/Routing/Router.php(703): Illuminate\Pipeline\Pipeline->then(Object(Closure))
#28 /home/mobileoptin/public_html/editor/vendor/laravel/framework/src/Illuminate/Routing/Router.php(670): Illuminate\Routing\Router->runRouteWithinStack(Object(Illuminate\Routing\Route), Object(Illuminate\Http\Request))
#29 /home/mobileoptin/public_html/editor/vendor/laravel/framework/src/Illuminate/Routing/Router.php(628): Illuminate\Routing\Router->dispatchToRoute(Object(Illuminate\Http\Request))
#30 /home/mobileoptin/public_html/editor/vendor/laravel/framework/src/Illuminate/Foundation/Http/Kernel.php(214): Illuminate\Routing\Router->dispatch(Object(Illuminate\Http\Request))
#31 [internal function]: Illuminate\Foundation\Http\Kernel->Illuminate\Foundation\Http\{closure}(Object(Illuminate\Http\Request))
#32 /home/mobileoptin/public_html/editor/vendor/laravel/framework/src/Illuminate/Pipeline/Pipeline.php(141): call_user_func(Object(Closure), Object(Illuminate\Http\Request))
#33 /home/mobileoptin/public_html/editor/vendor/itsgoingd/clockwork/Clockwork/Support/Laravel/ClockworkMiddleware.php(42): Illuminate\Pipeline\Pipeline->Illuminate\Pipeline\{closure}(Object(Illuminate\Http\Request))
#34 /home/mobileoptin/public_html/editor/vendor/laravel/framework/src/Illuminate/Pipeline/Pipeline.php(125): Clockwork\Support\Laravel\ClockworkMiddleware->handle(Object(Illuminate\Http\Request), Object(Closure))
#35 /home/mobileoptin/public_html/editor/vendor/laravel/framework/src/Illuminate/Foundation/Http/Middleware/VerifyCsrfToken.php(43): Illuminate\Pipeline\Pipeline->Illuminate\Pipeline\{closure}(Object(Illuminate\Http\Request))
#36 /home/mobileoptin/public_html/editor/app/Http/Middleware/VerifyCsrfToken.php(21): Illuminate\Foundation\Http\Middleware\VerifyCsrfToken->handle(Object(Illuminate\Http\Request), Object(Closure))
#37 /home/mobileoptin/public_html/editor/vendor/laravel/framework/src/Illuminate/Pipeline/Pipeline.php(125): MobileOptin\Http\Middleware\VerifyCsrfToken->handle(Object(Illuminate\Http\Request), Object(Closure))
#38 /home/mobileoptin/public_html/editor/vendor/laravel/framework/src/Illuminate/View/Middleware/ShareErrorsFromSession.php(55): Illuminate\Pipeline\Pipeline->Illuminate\Pipeline\{closure}(Object(Illuminate\Http\Request))
#39 /home/mobileoptin/public_html/editor/vendor/laravel/framework/src/Illuminate/Pipeline/Pipeline.php(125): Illuminate\View\Middleware\ShareErrorsFromSession->handle(Object(Illuminate\Http\Request), Object(Closure))
#40 /home/mobileoptin/public_html/editor/vendor/laravel/framework/src/Illuminate/Session/Middleware/StartSession.php(61): Illuminate\Pipeline\Pipeline->Illuminate\Pipeline\{closure}(Object(Illuminate\Http\Request))
#41 /home/mobileoptin/public_html/editor/vendor/laravel/framework/src/Illuminate/Pipeline/Pipeline.php(125): Illuminate\Session\Middleware\StartSession->handle(Object(Illuminate\Http\Request), Object(Closure))
#42 /home/mobileoptin/public_html/editor/vendor/laravel/framework/src/Illuminate/Cookie/Middleware/AddQueuedCookiesToResponse.php(36): Illuminate\Pipeline\Pipeline->Illuminate\Pipeline\{closure}(Object(Illuminate\Http\Request))
#43 /home/mobileoptin/public_html/editor/vendor/laravel/framework/src/Illuminate/Pipeline/Pipeline.php(125): Illuminate\Cookie\Middleware\AddQueuedCookiesToResponse->handle(Object(Illuminate\Http\Request), Object(Closure))
#44 /home/mobileoptin/public_html/editor/vendor/laravel/framework/src/Illuminate/Cookie/Middleware/EncryptCookies.php(40): Illuminate\Pipeline\Pipeline->Illuminate\Pipeline\{closure}(Object(Illuminate\Http\Request))
#45 /home/mobileoptin/public_html/editor/vendor/laravel/framework/src/Illuminate/Pipeline/Pipeline.php(125): Illuminate\Cookie\Middleware\EncryptCookies->handle(Object(Illuminate\Http\Request), Object(Closure))
#46 /home/mobileoptin/public_html/editor/vendor/laravel/framework/src/Illuminate/Foundation/Http/Middleware/CheckForMaintenanceMode.php(42): Illuminate\Pipeline\Pipeline->Illuminate\Pipeline\{closure}(Object(Illuminate\Http\Request))
#47 /home/mobileoptin/public_html/editor/vendor/laravel/framework/src/Illuminate/Pipeline/Pipeline.php(125): Illuminate\Foundation\Http\Middleware\CheckForMaintenanceMode->handle(Object(Illuminate\Http\Request), Object(Closure))
#48 [internal function]: Illuminate\Pipeline\Pipeline->Illuminate\Pipeline\{closure}(Object(Illuminate\Http\Request))
#49 /home/mobileoptin/public_html/editor/vendor/laravel/framework/src/Illuminate/Pipeline/Pipeline.php(101): call_user_func(Object(Closure), Object(Illuminate\Http\Request))
#50 /home/mobileoptin/public_html/editor/vendor/laravel/framework/src/Illuminate/Foundation/Http/Kernel.php(115): Illuminate\Pipeline\Pipeline->then(Object(Closure))
#51 /home/mobileoptin/public_html/editor/vendor/laravel/framework/src/Illuminate/Foundation/Http/Kernel.php(84): Illuminate\Foundation\Http\Kernel->sendRequestThroughRouter(Object(Illuminate\Http\Request))
#52 /home/mobileoptin/public_html/editor/public/index.php(54): Illuminate\Foundation\Http\Kernel->handle(Object(Illuminate\Http\Request))
#53 {main}  
[2016-07-24 14:26:46] local.ERROR: exception 'PDOException' with message 'SQLSTATE[42S22]: Column not found: 1054 Unknown column 'seo_image' in 'field list'' in /home/mobileoptin/public_html/editor/vendor/laravel/framework/src/Illuminate/Database/Connection.php:382
Stack trace:
#0 /home/mobileoptin/public_html/editor/vendor/laravel/framework/src/Illuminate/Database/Connection.php(382): PDO->prepare('update `campaig...')
#1 /home/mobileoptin/public_html/editor/vendor/laravel/framework/src/Illuminate/Database/Connection.php(616): Illuminate\Database\Connection->Illuminate\Database\{closure}(Object(Illuminate\Database\MySqlConnection), 'update `campaig...', Array)
#2 /home/mobileoptin/public_html/editor/vendor/laravel/framework/src/Illuminate/Database/Connection.php(580): Illuminate\Database\Connection->runQueryCallback('update `campaig...', Array, Object(Closure))
#3 /home/mobileoptin/public_html/editor/vendor/laravel/framework/src/Illuminate/Database/Connection.php(387): Illuminate\Database\Connection->run('update `campaig...', Array, Object(Closure))
#4 /home/mobileoptin/public_html/editor/vendor/laravel/framework/src/Illuminate/Database/Connection.php(332): Illuminate\Database\Connection->affectingStatement('update `campaig...', Array)
#5 /home/mobileoptin/public_html/editor/vendor/laravel/framework/src/Illuminate/Database/Query/Builder.php(1740): Illuminate\Database\Connection->update('update `campaig...', Array)
#6 /home/mobileoptin/public_html/editor/vendor/laravel/framework/src/Illuminate/Database/Eloquent/Builder.php(288): Illuminate\Database\Query\Builder->update(Array)
#7 /home/mobileoptin/public_html/editor/vendor/laravel/framework/src/Illuminate/Database/Eloquent/Model.php(1544): Illuminate\Database\Eloquent\Builder->update(Array)
#8 /home/mobileoptin/public_html/editor/vendor/laravel/framework/src/Illuminate/Database/Eloquent/Model.php(1477): Illuminate\Database\Eloquent\Model->performUpdate(Object(Illuminate\Database\Eloquent\Builder), Array)
#9 /home/mobileoptin/public_html/editor/app/Http/Controllers/CampaignsController.php(286): Illuminate\Database\Eloquent\Model->save()
#10 [internal function]: MobileOptin\Http\Controllers\CampaignsController->seoImageV2(Object(Illuminate\Http\Request))
#11 /home/mobileoptin/public_html/editor/vendor/laravel/framework/src/Illuminate/Routing/Controller.php(246): call_user_func_array(Array, Array)
#12 /home/mobileoptin/public_html/editor/vendor/laravel/framework/src/Illuminate/Routing/ControllerDispatcher.php(162): Illuminate\Routing\Controller->callAction('seoImageV2', Array)
#13 /home/mobileoptin/public_html/editor/vendor/laravel/framework/src/Illuminate/Routing/ControllerDispatcher.php(107): Illuminate\Routing\ControllerDispatcher->call(Object(MobileOptin\Http\Controllers\CampaignsController), Object(Illuminate\Routing\Route), 'seoImageV2')
#14 [internal function]: Illuminate\Routing\ControllerDispatcher->Illuminate\Routing\{closure}(Object(Illuminate\Http\Request))
#15 /home/mobileoptin/public_html/editor/vendor/laravel/framework/src/Illuminate/Pipeline/Pipeline.php(141): call_user_func(Object(Closure), Object(Illuminate\Http\Request))
#16 [internal function]: Illuminate\Pipeline\Pipeline->Illuminate\Pipeline\{closure}(Object(Illuminate\Http\Request))
#17 /home/mobileoptin/public_html/editor/vendor/laravel/framework/src/Illuminate/Pipeline/Pipeline.php(101): call_user_func(Object(Closure), Object(Illuminate\Http\Request))
#18 /home/mobileoptin/public_html/editor/vendor/laravel/framework/src/Illuminate/Routing/ControllerDispatcher.php(108): Illuminate\Pipeline\Pipeline->then(Object(Closure))
#19 /home/mobileoptin/public_html/editor/vendor/laravel/framework/src/Illuminate/Routing/ControllerDispatcher.php(67): Illuminate\Routing\ControllerDispatcher->callWithinStack(Object(MobileOptin\Http\Controllers\CampaignsController), Object(Illuminate\Routing\Route), Object(Illuminate\Http\Request), 'seoImageV2')
#20 /home/mobileoptin/public_html/editor/vendor/laravel/framework/src/Illuminate/Routing/Route.php(204): Illuminate\Routing\ControllerDispatcher->dispatch(Object(Illuminate\Routing\Route), Object(Illuminate\Http\Request), 'MobileOptin\\Htt...', 'seoImageV2')
#21 /home/mobileoptin/public_html/editor/vendor/laravel/framework/src/Illuminate/Routing/Route.php(134): Illuminate\Routing\Route->runWithCustomDispatcher(Object(Illuminate\Http\Request))
#22 /home/mobileoptin/public_html/editor/vendor/laravel/framework/src/Illuminate/Routing/Router.php(701): Illuminate\Routing\Route->run(Object(Illuminate\Http\Request))
#23 [internal function]: Illuminate\Routing\Router->Illuminate\Routing\{closure}(Object(Illuminate\Http\Request))
#24 /home/mobileoptin/public_html/editor/vendor/laravel/framework/src/Illuminate/Pipeline/Pipeline.php(141): call_user_func(Object(Closure), Object(Illuminate\Http\Request))
#25 /home/mobileoptin/public_html/editor/app/Http/Middleware/Authenticate.php(47): Illuminate\Pipeline\Pipeline->Illuminate\Pipeline\{closure}(Object(Illuminate\Http\Request))
#26 /home/mobileoptin/public_html/editor/vendor/laravel/framework/src/Illuminate/Pipeline/Pipeline.php(125): MobileOptin\Http\Middleware\Authenticate->handle(Object(Illuminate\Http\Request), Object(Closure))
#27 [internal function]: Illuminate\Pipeline\Pipeline->Illuminate\Pipeline\{closure}(Object(Illuminate\Http\Request))
#28 /home/mobileoptin/public_html/editor/vendor/laravel/framework/src/Illuminate/Pipeline/Pipeline.php(101): call_user_func(Object(Closure), Object(Illuminate\Http\Request))
#29 /home/mobileoptin/public_html/editor/vendor/laravel/framework/src/Illuminate/Routing/Router.php(703): Illuminate\Pipeline\Pipeline->then(Object(Closure))
#30 /home/mobileoptin/public_html/editor/vendor/laravel/framework/src/Illuminate/Routing/Router.php(670): Illuminate\Routing\Router->runRouteWithinStack(Object(Illuminate\Routing\Route), Object(Illuminate\Http\Request))
#31 /home/mobileoptin/public_html/editor/vendor/laravel/framework/src/Illuminate/Routing/Router.php(628): Illuminate\Routing\Router->dispatchToRoute(Object(Illuminate\Http\Request))
#32 /home/mobileoptin/public_html/editor/vendor/laravel/framework/src/Illuminate/Foundation/Http/Kernel.php(214): Illuminate\Routing\Router->dispatch(Object(Illuminate\Http\Request))
#33 [internal function]: Illuminate\Foundation\Http\Kernel->Illuminate\Foundation\Http\{closure}(Object(Illuminate\Http\Request))
#34 /home/mobileoptin/public_html/editor/vendor/laravel/framework/src/Illuminate/Pipeline/Pipeline.php(141): call_user_func(Object(Closure), Object(Illuminate\Http\Request))
#35 /home/mobileoptin/public_html/editor/vendor/itsgoingd/clockwork/Clockwork/Support/Laravel/ClockworkMiddleware.php(42): Illuminate\Pipeline\Pipeline->Illuminate\Pipeline\{closure}(Object(Illuminate\Http\Request))
#36 /home/mobileoptin/public_html/editor/vendor/laravel/framework/src/Illuminate/Pipeline/Pipeline.php(125): Clockwork\Support\Laravel\ClockworkMiddleware->handle(Object(Illuminate\Http\Request), Object(Closure))
#37 /home/mobileoptin/public_html/editor/vendor/laravel/framework/src/Illuminate/Foundation/Http/Middleware/VerifyCsrfToken.php(43): Illuminate\Pipeline\Pipeline->Illuminate\Pipeline\{closure}(Object(Illuminate\Http\Request))
#38 /home/mobileoptin/public_html/editor/app/Http/Middleware/VerifyCsrfToken.php(21): Illuminate\Foundation\Http\Middleware\VerifyCsrfToken->handle(Object(Illuminate\Http\Request), Object(Closure))
#39 /home/mobileoptin/public_html/editor/vendor/laravel/framework/src/Illuminate/Pipeline/Pipeline.php(125): MobileOptin\Http\Middleware\VerifyCsrfToken->handle(Object(Illuminate\Http\Request), Object(Closure))
#40 /home/mobileoptin/public_html/editor/vendor/laravel/framework/src/Illuminate/View/Middleware/ShareErrorsFromSession.php(55): Illuminate\Pipeline\Pipeline->Illuminate\Pipeline\{closure}(Object(Illuminate\Http\Request))
#41 /home/mobileoptin/public_html/editor/vendor/laravel/framework/src/Illuminate/Pipeline/Pipeline.php(125): Illuminate\View\Middleware\ShareErrorsFromSession->handle(Object(Illuminate\Http\Request), Object(Closure))
#42 /home/mobileoptin/public_html/editor/vendor/laravel/framework/src/Illuminate/Session/Middleware/StartSession.php(61): Illuminate\Pipeline\Pipeline->Illuminate\Pipeline\{closure}(Object(Illuminate\Http\Request))
#43 /home/mobileoptin/public_html/editor/vendor/laravel/framework/src/Illuminate/Pipeline/Pipeline.php(125): Illuminate\Session\Middleware\StartSession->handle(Object(Illuminate\Http\Request), Object(Closure))
#44 /home/mobileoptin/public_html/editor/vendor/laravel/framework/src/Illuminate/Cookie/Middleware/AddQueuedCookiesToResponse.php(36): Illuminate\Pipeline\Pipeline->Illuminate\Pipeline\{closure}(Object(Illuminate\Http\Request))
#45 /home/mobileoptin/public_html/editor/vendor/laravel/framework/src/Illuminate/Pipeline/Pipeline.php(125): Illuminate\Cookie\Middleware\AddQueuedCookiesToResponse->handle(Object(Illuminate\Http\Request), Object(Closure))
#46 /home/mobileoptin/public_html/editor/vendor/laravel/framework/src/Illuminate/Cookie/Middleware/EncryptCookies.php(40): Illuminate\Pipeline\Pipeline->Illuminate\Pipeline\{closure}(Object(Illuminate\Http\Request))
#47 /home/mobileoptin/public_html/editor/vendor/laravel/framework/src/Illuminate/Pipeline/Pipeline.php(125): Illuminate\Cookie\Middleware\EncryptCookies->handle(Object(Illuminate\Http\Request), Object(Closure))
#48 /home/mobileoptin/public_html/editor/vendor/laravel/framework/src/Illuminate/Foundation/Http/Middleware/CheckForMaintenanceMode.php(42): Illuminate\Pipeline\Pipeline->Illuminate\Pipeline\{closure}(Object(Illuminate\Http\Request))
#49 /home/mobileoptin/public_html/editor/vendor/laravel/framework/src/Illuminate/Pipeline/Pipeline.php(125): Illuminate\Foundation\Http\Middleware\CheckForMaintenanceMode->handle(Object(Illuminate\Http\Request), Object(Closure))
#50 [internal function]: Illuminate\Pipeline\Pipeline->Illuminate\Pipeline\{closure}(Object(Illuminate\Http\Request))
#51 /home/mobileoptin/public_html/editor/vendor/laravel/framework/src/Illuminate/Pipeline/Pipeline.php(101): call_user_func(Object(Closure), Object(Illuminate\Http\Request))
#52 /home/mobileoptin/public_html/editor/vendor/laravel/framework/src/Illuminate/Foundation/Http/Kernel.php(115): Illuminate\Pipeline\Pipeline->then(Object(Closure))
#53 /home/mobileoptin/public_html/editor/vendor/laravel/framework/src/Illuminate/Foundation/Http/Kernel.php(84): Illuminate\Foundation\Http\Kernel->sendRequestThroughRouter(Object(Illuminate\Http\Request))
#54 /home/mobileoptin/public_html/editor/public/index.php(54): Illuminate\Foundation\Http\Kernel->handle(Object(Illuminate\Http\Request))
#55 {main}

Next exception 'Illuminate\Database\QueryException' with message 'SQLSTATE[42S22]: Column not found: 1054 Unknown column 'seo_image' in 'field list' (SQL: update `campaign_seo` set `updated_at` = 2016-07-24 14:26:46, `seo_image` = S0RpmQjmJAmjuopAcd7FtM2njP87EKdJ.png where `id` = 3)' in /home/mobileoptin/public_html/editor/vendor/laravel/framework/src/Illuminate/Database/Connection.php:624
Stack trace:
#0 /home/mobileoptin/public_html/editor/vendor/laravel/framework/src/Illuminate/Database/Connection.php(580): Illuminate\Database\Connection->runQueryCallback('update `campaig...', Array, Object(Closure))
#1 /home/mobileoptin/public_html/editor/vendor/laravel/framework/src/Illuminate/Database/Connection.php(387): Illuminate\Database\Connection->run('update `campaig...', Array, Object(Closure))
#2 /home/mobileoptin/public_html/editor/vendor/laravel/framework/src/Illuminate/Database/Connection.php(332): Illuminate\Database\Connection->affectingStatement('update `campaig...', Array)
#3 /home/mobileoptin/public_html/editor/vendor/laravel/framework/src/Illuminate/Database/Query/Builder.php(1740): Illuminate\Database\Connection->update('update `campaig...', Array)
#4 /home/mobileoptin/public_html/editor/vendor/laravel/framework/src/Illuminate/Database/Eloquent/Builder.php(288): Illuminate\Database\Query\Builder->update(Array)
#5 /home/mobileoptin/public_html/editor/vendor/laravel/framework/src/Illuminate/Database/Eloquent/Model.php(1544): Illuminate\Database\Eloquent\Builder->update(Array)
#6 /home/mobileoptin/public_html/editor/vendor/laravel/framework/src/Illuminate/Database/Eloquent/Model.php(1477): Illuminate\Database\Eloquent\Model->performUpdate(Object(Illuminate\Database\Eloquent\Builder), Array)
#7 /home/mobileoptin/public_html/editor/app/Http/Controllers/CampaignsController.php(286): Illuminate\Database\Eloquent\Model->save()
#8 [internal function]: MobileOptin\Http\Controllers\CampaignsController->seoImageV2(Object(Illuminate\Http\Request))
#9 /home/mobileoptin/public_html/editor/vendor/laravel/framework/src/Illuminate/Routing/Controller.php(246): call_user_func_array(Array, Array)
#10 /home/mobileoptin/public_html/editor/vendor/laravel/framework/src/Illuminate/Routing/ControllerDispatcher.php(162): Illuminate\Routing\Controller->callAction('seoImageV2', Array)
#11 /home/mobileoptin/public_html/editor/vendor/laravel/framework/src/Illuminate/Routing/ControllerDispatcher.php(107): Illuminate\Routing\ControllerDispatcher->call(Object(MobileOptin\Http\Controllers\CampaignsController), Object(Illuminate\Routing\Route), 'seoImageV2')
#12 [internal function]: Illuminate\Routing\ControllerDispatcher->Illuminate\Routing\{closure}(Object(Illuminate\Http\Request))
#13 /home/mobileoptin/public_html/editor/vendor/laravel/framework/src/Illuminate/Pipeline/Pipeline.php(141): call_user_func(Object(Closure), Object(Illuminate\Http\Request))
#14 [internal function]: Illuminate\Pipeline\Pipeline->Illuminate\Pipeline\{closure}(Object(Illuminate\Http\Request))
#15 /home/mobileoptin/public_html/editor/vendor/laravel/framework/src/Illuminate/Pipeline/Pipeline.php(101): call_user_func(Object(Closure), Object(Illuminate\Http\Request))
#16 /home/mobileoptin/public_html/editor/vendor/laravel/framework/src/Illuminate/Routing/ControllerDispatcher.php(108): Illuminate\Pipeline\Pipeline->then(Object(Closure))
#17 /home/mobileoptin/public_html/editor/vendor/laravel/framework/src/Illuminate/Routing/ControllerDispatcher.php(67): Illuminate\Routing\ControllerDispatcher->callWithinStack(Object(MobileOptin\Http\Controllers\CampaignsController), Object(Illuminate\Routing\Route), Object(Illuminate\Http\Request), 'seoImageV2')
#18 /home/mobileoptin/public_html/editor/vendor/laravel/framework/src/Illuminate/Routing/Route.php(204): Illuminate\Routing\ControllerDispatcher->dispatch(Object(Illuminate\Routing\Route), Object(Illuminate\Http\Request), 'MobileOptin\\Htt...', 'seoImageV2')
#19 /home/mobileoptin/public_html/editor/vendor/laravel/framework/src/Illuminate/Routing/Route.php(134): Illuminate\Routing\Route->runWithCustomDispatcher(Object(Illuminate\Http\Request))
#20 /home/mobileoptin/public_html/editor/vendor/laravel/framework/src/Illuminate/Routing/Router.php(701): Illuminate\Routing\Route->run(Object(Illuminate\Http\Request))
#21 [internal function]: Illuminate\Routing\Router->Illuminate\Routing\{closure}(Object(Illuminate\Http\Request))
#22 /home/mobileoptin/public_html/editor/vendor/laravel/framework/src/Illuminate/Pipeline/Pipeline.php(141): call_user_func(Object(Closure), Object(Illuminate\Http\Request))
#23 /home/mobileoptin/public_html/editor/app/Http/Middleware/Authenticate.php(47): Illuminate\Pipeline\Pipeline->Illuminate\Pipeline\{closure}(Object(Illuminate\Http\Request))
#24 /home/mobileoptin/public_html/editor/vendor/laravel/framework/src/Illuminate/Pipeline/Pipeline.php(125): MobileOptin\Http\Middleware\Authenticate->handle(Object(Illuminate\Http\Request), Object(Closure))
#25 [internal function]: Illuminate\Pipeline\Pipeline->Illuminate\Pipeline\{closure}(Object(Illuminate\Http\Request))
#26 /home/mobileoptin/public_html/editor/vendor/laravel/framework/src/Illuminate/Pipeline/Pipeline.php(101): call_user_func(Object(Closure), Object(Illuminate\Http\Request))
#27 /home/mobileoptin/public_html/editor/vendor/laravel/framework/src/Illuminate/Routing/Router.php(703): Illuminate\Pipeline\Pipeline->then(Object(Closure))
#28 /home/mobileoptin/public_html/editor/vendor/laravel/framework/src/Illuminate/Routing/Router.php(670): Illuminate\Routing\Router->runRouteWithinStack(Object(Illuminate\Routing\Route), Object(Illuminate\Http\Request))
#29 /home/mobileoptin/public_html/editor/vendor/laravel/framework/src/Illuminate/Routing/Router.php(628): Illuminate\Routing\Router->dispatchToRoute(Object(Illuminate\Http\Request))
#30 /home/mobileoptin/public_html/editor/vendor/laravel/framework/src/Illuminate/Foundation/Http/Kernel.php(214): Illuminate\Routing\Router->dispatch(Object(Illuminate\Http\Request))
#31 [internal function]: Illuminate\Foundation\Http\Kernel->Illuminate\Foundation\Http\{closure}(Object(Illuminate\Http\Request))
#32 /home/mobileoptin/public_html/editor/vendor/laravel/framework/src/Illuminate/Pipeline/Pipeline.php(141): call_user_func(Object(Closure), Object(Illuminate\Http\Request))
#33 /home/mobileoptin/public_html/editor/vendor/itsgoingd/clockwork/Clockwork/Support/Laravel/ClockworkMiddleware.php(42): Illuminate\Pipeline\Pipeline->Illuminate\Pipeline\{closure}(Object(Illuminate\Http\Request))
#34 /home/mobileoptin/public_html/editor/vendor/laravel/framework/src/Illuminate/Pipeline/Pipeline.php(125): Clockwork\Support\Laravel\ClockworkMiddleware->handle(Object(Illuminate\Http\Request), Object(Closure))
#35 /home/mobileoptin/public_html/editor/vendor/laravel/framework/src/Illuminate/Foundation/Http/Middleware/VerifyCsrfToken.php(43): Illuminate\Pipeline\Pipeline->Illuminate\Pipeline\{closure}(Object(Illuminate\Http\Request))
#36 /home/mobileoptin/public_html/editor/app/Http/Middleware/VerifyCsrfToken.php(21): Illuminate\Foundation\Http\Middleware\VerifyCsrfToken->handle(Object(Illuminate\Http\Request), Object(Closure))
#37 /home/mobileoptin/public_html/editor/vendor/laravel/framework/src/Illuminate/Pipeline/Pipeline.php(125): MobileOptin\Http\Middleware\VerifyCsrfToken->handle(Object(Illuminate\Http\Request), Object(Closure))
#38 /home/mobileoptin/public_html/editor/vendor/laravel/framework/src/Illuminate/View/Middleware/ShareErrorsFromSession.php(55): Illuminate\Pipeline\Pipeline->Illuminate\Pipeline\{closure}(Object(Illuminate\Http\Request))
#39 /home/mobileoptin/public_html/editor/vendor/laravel/framework/src/Illuminate/Pipeline/Pipeline.php(125): Illuminate\View\Middleware\ShareErrorsFromSession->handle(Object(Illuminate\Http\Request), Object(Closure))
#40 /home/mobileoptin/public_html/editor/vendor/laravel/framework/src/Illuminate/Session/Middleware/StartSession.php(61): Illuminate\Pipeline\Pipeline->Illuminate\Pipeline\{closure}(Object(Illuminate\Http\Request))
#41 /home/mobileoptin/public_html/editor/vendor/laravel/framework/src/Illuminate/Pipeline/Pipeline.php(125): Illuminate\Session\Middleware\StartSession->handle(Object(Illuminate\Http\Request), Object(Closure))
#42 /home/mobileoptin/public_html/editor/vendor/laravel/framework/src/Illuminate/Cookie/Middleware/AddQueuedCookiesToResponse.php(36): Illuminate\Pipeline\Pipeline->Illuminate\Pipeline\{closure}(Object(Illuminate\Http\Request))
#43 /home/mobileoptin/public_html/editor/vendor/laravel/framework/src/Illuminate/Pipeline/Pipeline.php(125): Illuminate\Cookie\Middleware\AddQueuedCookiesToResponse->handle(Object(Illuminate\Http\Request), Object(Closure))
#44 /home/mobileoptin/public_html/editor/vendor/laravel/framework/src/Illuminate/Cookie/Middleware/EncryptCookies.php(40): Illuminate\Pipeline\Pipeline->Illuminate\Pipeline\{closure}(Object(Illuminate\Http\Request))
#45 /home/mobileoptin/public_html/editor/vendor/laravel/framework/src/Illuminate/Pipeline/Pipeline.php(125): Illuminate\Cookie\Middleware\EncryptCookies->handle(Object(Illuminate\Http\Request), Object(Closure))
#46 /home/mobileoptin/public_html/editor/vendor/laravel/framework/src/Illuminate/Foundation/Http/Middleware/CheckForMaintenanceMode.php(42): Illuminate\Pipeline\Pipeline->Illuminate\Pipeline\{closure}(Object(Illuminate\Http\Request))
#47 /home/mobileoptin/public_html/editor/vendor/laravel/framework/src/Illuminate/Pipeline/Pipeline.php(125): Illuminate\Foundation\Http\Middleware\CheckForMaintenanceMode->handle(Object(Illuminate\Http\Request), Object(Closure))
#48 [internal function]: Illuminate\Pipeline\Pipeline->Illuminate\Pipeline\{closure}(Object(Illuminate\Http\Request))
#49 /home/mobileoptin/public_html/editor/vendor/laravel/framework/src/Illuminate/Pipeline/Pipeline.php(101): call_user_func(Object(Closure), Object(Illuminate\Http\Request))
#50 /home/mobileoptin/public_html/editor/vendor/laravel/framework/src/Illuminate/Foundation/Http/Kernel.php(115): Illuminate\Pipeline\Pipeline->then(Object(Closure))
#51 /home/mobileoptin/public_html/editor/vendor/laravel/framework/src/Illuminate/Foundation/Http/Kernel.php(84): Illuminate\Foundation\Http\Kernel->sendRequestThroughRouter(Object(Illuminate\Http\Request))
#52 /home/mobileoptin/public_html/editor/public/index.php(54): Illuminate\Foundation\Http\Kernel->handle(Object(Illuminate\Http\Request))
#53 {main}  
[2016-07-24 22:32:51] local.INFO: [API KEY ] 4397497125829206277  
[2016-07-24 22:32:51] local.INFO: [ACCESS TOKEN ] HQU0us3WzqoGGOZGE57ZJcs6Ycwg  
[2016-07-24 22:33:11] local.INFO: [API KEY ] 4397497125829206277  
[2016-07-24 22:33:11] local.INFO: [ACCESS TOKEN ] HQU0us3WzqoGGOZGE57ZJcs6Ycwg  
