[2016-07-27 04:44:51] production.ERROR: exception 'Symfony\Component\Debug\Exception\FatalErrorException' with message 'Class 'Wpb\StringBladeCompiler\StringBladeCompilerServiceProvider' not found' in /Users/user/Documents/project/moeditor/moeditor/vendor/laravel/framework/src/Illuminate/Foundation/ProviderRepository.php:150
Stack trace:
#0 {main}  
[2016-07-27 12:43:20] local.ERROR: exception 'Symfony\Component\Debug\Exception\FatalErrorException' with message 'Class 'Wpb\StringBladeCompiler\StringBladeCompilerServiceProvider' not found' in /Users/user/Documents/project/moeditor/moeditor/vendor/laravel/framework/src/Illuminate/Foundation/ProviderRepository.php:150
Stack trace:
#0 {main}  
[2016-07-27 12:45:35] local.ERROR: exception 'Symfony\Component\Debug\Exception\FatalErrorException' with message 'Class 'Wpb\StringBladeCompiler\StringBladeCompilerServiceProvider' not found' in /Users/user/Documents/project/moeditor/moeditor/vendor/laravel/framework/src/Illuminate/Foundation/ProviderRepository.php:150
Stack trace:
#0 {main}  
[2016-07-27 12:45:39] local.ERROR: exception 'Symfony\Component\Debug\Exception\FatalErrorException' with message 'Class 'Wpb\StringBladeCompiler\StringBladeCompilerServiceProvider' not found' in /Users/user/Documents/project/moeditor/moeditor/vendor/laravel/framework/src/Illuminate/Foundation/ProviderRepository.php:150
Stack trace:
#0 {main}  
[2016-07-27 12:47:32] local.ERROR: exception 'Symfony\Component\Debug\Exception\FatalErrorException' with message 'Class 'Wpb\StringBladeCompiler\StringBladeCompilerServiceProvider' not found' in /Users/user/Documents/project/moeditor/moeditor/vendor/laravel/framework/src/Illuminate/Foundation/ProviderRepository.php:150
Stack trace:
#0 {main}  
[2016-07-27 12:54:32] local.ERROR: exception 'Symfony\Component\Debug\Exception\FatalErrorException' with message 'Class 'Wpb\StringBladeCompiler\StringBladeCompilerServiceProvider' not found' in /Users/user/Documents/project/moeditor/moeditor/vendor/laravel/framework/src/Illuminate/Foundation/ProviderRepository.php:150
Stack trace:
#0 {main}  
[2016-07-27 13:06:11] local.ERROR: exception 'Symfony\Component\Debug\Exception\FatalErrorException' with message 'Class 'Wpb\StringBladeCompiler\StringBladeCompilerServiceProvider' not found' in /Users/user/Documents/project/moeditor/moeditor/vendor/laravel/framework/src/Illuminate/Foundation/ProviderRepository.php:150
Stack trace:
#0 {main}  
[2016-07-27 13:45:05] local.ERROR: exception 'PDOException' with message 'SQLSTATE[HY000] [2002] No such file or directory' in /Users/user/Documents/project/moeditor/moeditor/vendor/laravel/framework/src/Illuminate/Database/Connectors/Connector.php:47
Stack trace:
#0 /Users/user/Documents/project/moeditor/moeditor/vendor/laravel/framework/src/Illuminate/Database/Connectors/Connector.php(47): PDO->__construct('mysql:host=loca...', 'mobileop_test', 'test123', Array)
#1 /Users/user/Documents/project/moeditor/moeditor/vendor/laravel/framework/src/Illuminate/Database/Connectors/MySqlConnector.php(20): Illuminate\Database\Connectors\Connector->createConnection('mysql:host=loca...', Array, Array)
#2 /Users/user/Documents/project/moeditor/moeditor/vendor/laravel/framework/src/Illuminate/Database/Connectors/ConnectionFactory.php(58): Illuminate\Database\Connectors\MySqlConnector->connect(Array)
#3 /Users/user/Documents/project/moeditor/moeditor/vendor/laravel/framework/src/Illuminate/Database/Connectors/ConnectionFactory.php(47): Illuminate\Database\Connectors\ConnectionFactory->createSingleConnection(Array)
#4 /Users/user/Documents/project/moeditor/moeditor/vendor/laravel/framework/src/Illuminate/Database/DatabaseManager.php(177): Illuminate\Database\Connectors\ConnectionFactory->make(Array, 'mysql')
#5 /Users/user/Documents/project/moeditor/moeditor/vendor/laravel/framework/src/Illuminate/Database/DatabaseManager.php(65): Illuminate\Database\DatabaseManager->makeConnection('mysql')
#6 /Users/user/Documents/project/moeditor/moeditor/vendor/laravel/framework/src/Illuminate/Database/Eloquent/Model.php(3146): Illuminate\Database\DatabaseManager->connection(NULL)
#7 /Users/user/Documents/project/moeditor/moeditor/vendor/laravel/framework/src/Illuminate/Database/Eloquent/Model.php(3112): Illuminate\Database\Eloquent\Model::resolveConnection(NULL)
#8 /Users/user/Documents/project/moeditor/moeditor/vendor/laravel/framework/src/Illuminate/Database/Eloquent/Model.php(1887): Illuminate\Database\Eloquent\Model->getConnection()
#9 /Users/user/Documents/project/moeditor/moeditor/vendor/laravel/framework/src/Illuminate/Database/Eloquent/Model.php(1828): Illuminate\Database\Eloquent\Model->newBaseQueryBuilder()
#10 /Users/user/Documents/project/moeditor/moeditor/vendor/laravel/framework/src/Illuminate/Database/Eloquent/Model.php(1802): Illuminate\Database\Eloquent\Model->newQueryWithoutScopes()
#11 /Users/user/Documents/project/moeditor/moeditor/vendor/laravel/framework/src/Illuminate/Auth/EloquentUserProvider.php(89): Illuminate\Database\Eloquent\Model->newQuery()
#12 /Users/user/Documents/project/moeditor/moeditor/vendor/laravel/framework/src/Illuminate/Auth/Guard.php(371): Illuminate\Auth\EloquentUserProvider->retrieveByCredentials(Array)
#13 /Users/user/Documents/project/moeditor/moeditor/vendor/laravel/framework/src/Illuminate/Foundation/Auth/AuthenticatesAndRegistersUsers.php(79): Illuminate\Auth\Guard->attempt(Array, false)
#14 [internal function]: MobileOptin\Http\Controllers\Auth\AuthController->postLogin(Object(Illuminate\Http\Request))
#15 /Users/user/Documents/project/moeditor/moeditor/vendor/laravel/framework/src/Illuminate/Routing/Controller.php(246): call_user_func_array(Array, Array)
#16 /Users/user/Documents/project/moeditor/moeditor/vendor/laravel/framework/src/Illuminate/Routing/ControllerDispatcher.php(162): Illuminate\Routing\Controller->callAction('postLogin', Array)
#17 /Users/user/Documents/project/moeditor/moeditor/vendor/laravel/framework/src/Illuminate/Routing/ControllerDispatcher.php(107): Illuminate\Routing\ControllerDispatcher->call(Object(MobileOptin\Http\Controllers\Auth\AuthController), Object(Illuminate\Routing\Route), 'postLogin')
#18 [internal function]: Illuminate\Routing\ControllerDispatcher->Illuminate\Routing\{closure}(Object(Illuminate\Http\Request))
#19 /Users/user/Documents/project/moeditor/moeditor/vendor/laravel/framework/src/Illuminate/Pipeline/Pipeline.php(141): call_user_func(Object(Closure), Object(Illuminate\Http\Request))
#20 /Users/user/Documents/project/moeditor/moeditor/app/Http/Middleware/RedirectIfAuthenticated.php(41): Illuminate\Pipeline\Pipeline->Illuminate\Pipeline\{closure}(Object(Illuminate\Http\Request))
#21 /Users/user/Documents/project/moeditor/moeditor/vendor/laravel/framework/src/Illuminate/Pipeline/Pipeline.php(125): MobileOptin\Http\Middleware\RedirectIfAuthenticated->handle(Object(Illuminate\Http\Request), Object(Closure))
#22 [internal function]: Illuminate\Pipeline\Pipeline->Illuminate\Pipeline\{closure}(Object(Illuminate\Http\Request))
#23 /Users/user/Documents/project/moeditor/moeditor/vendor/laravel/framework/src/Illuminate/Pipeline/Pipeline.php(101): call_user_func(Object(Closure), Object(Illuminate\Http\Request))
#24 /Users/user/Documents/project/moeditor/moeditor/vendor/laravel/framework/src/Illuminate/Routing/ControllerDispatcher.php(108): Illuminate\Pipeline\Pipeline->then(Object(Closure))
#25 /Users/user/Documents/project/moeditor/moeditor/vendor/laravel/framework/src/Illuminate/Routing/ControllerDispatcher.php(67): Illuminate\Routing\ControllerDispatcher->callWithinStack(Object(MobileOptin\Http\Controllers\Auth\AuthController), Object(Illuminate\Routing\Route), Object(Illuminate\Http\Request), 'postLogin')
#26 /Users/user/Documents/project/moeditor/moeditor/vendor/laravel/framework/src/Illuminate/Routing/Route.php(204): Illuminate\Routing\ControllerDispatcher->dispatch(Object(Illuminate\Routing\Route), Object(Illuminate\Http\Request), 'MobileOptin\\Htt...', 'postLogin')
#27 /Users/user/Documents/project/moeditor/moeditor/vendor/laravel/framework/src/Illuminate/Routing/Route.php(134): Illuminate\Routing\Route->runWithCustomDispatcher(Object(Illuminate\Http\Request))
#28 /Users/user/Documents/project/moeditor/moeditor/vendor/laravel/framework/src/Illuminate/Routing/Router.php(701): Illuminate\Routing\Route->run(Object(Illuminate\Http\Request))
#29 [internal function]: Illuminate\Routing\Router->Illuminate\Routing\{closure}(Object(Illuminate\Http\Request))
#30 /Users/user/Documents/project/moeditor/moeditor/vendor/laravel/framework/src/Illuminate/Pipeline/Pipeline.php(141): call_user_func(Object(Closure), Object(Illuminate\Http\Request))
#31 [internal function]: Illuminate\Pipeline\Pipeline->Illuminate\Pipeline\{closure}(Object(Illuminate\Http\Request))
#32 /Users/user/Documents/project/moeditor/moeditor/vendor/laravel/framework/src/Illuminate/Pipeline/Pipeline.php(101): call_user_func(Object(Closure), Object(Illuminate\Http\Request))
#33 /Users/user/Documents/project/moeditor/moeditor/vendor/laravel/framework/src/Illuminate/Routing/Router.php(703): Illuminate\Pipeline\Pipeline->then(Object(Closure))
#34 /Users/user/Documents/project/moeditor/moeditor/vendor/laravel/framework/src/Illuminate/Routing/Router.php(670): Illuminate\Routing\Router->runRouteWithinStack(Object(Illuminate\Routing\Route), Object(Illuminate\Http\Request))
#35 /Users/user/Documents/project/moeditor/moeditor/vendor/laravel/framework/src/Illuminate/Routing/Router.php(628): Illuminate\Routing\Router->dispatchToRoute(Object(Illuminate\Http\Request))
#36 /Users/user/Documents/project/moeditor/moeditor/vendor/laravel/framework/src/Illuminate/Foundation/Http/Kernel.php(214): Illuminate\Routing\Router->dispatch(Object(Illuminate\Http\Request))
#37 [internal function]: Illuminate\Foundation\Http\Kernel->Illuminate\Foundation\Http\{closure}(Object(Illuminate\Http\Request))
#38 /Users/user/Documents/project/moeditor/moeditor/vendor/laravel/framework/src/Illuminate/Pipeline/Pipeline.php(141): call_user_func(Object(Closure), Object(Illuminate\Http\Request))
#39 /Users/user/Documents/project/moeditor/moeditor/vendor/itsgoingd/clockwork/Clockwork/Support/Laravel/ClockworkMiddleware.php(41): Illuminate\Pipeline\Pipeline->Illuminate\Pipeline\{closure}(Object(Illuminate\Http\Request))
#40 /Users/user/Documents/project/moeditor/moeditor/vendor/laravel/framework/src/Illuminate/Pipeline/Pipeline.php(125): Clockwork\Support\Laravel\ClockworkMiddleware->handle(Object(Illuminate\Http\Request), Object(Closure))
#41 /Users/user/Documents/project/moeditor/moeditor/vendor/laravel/framework/src/Illuminate/Foundation/Http/Middleware/VerifyCsrfToken.php(43): Illuminate\Pipeline\Pipeline->Illuminate\Pipeline\{closure}(Object(Illuminate\Http\Request))
#42 /Users/user/Documents/project/moeditor/moeditor/app/Http/Middleware/VerifyCsrfToken.php(21): Illuminate\Foundation\Http\Middleware\VerifyCsrfToken->handle(Object(Illuminate\Http\Request), Object(Closure))
#43 /Users/user/Documents/project/moeditor/moeditor/vendor/laravel/framework/src/Illuminate/Pipeline/Pipeline.php(125): MobileOptin\Http\Middleware\VerifyCsrfToken->handle(Object(Illuminate\Http\Request), Object(Closure))
#44 /Users/user/Documents/project/moeditor/moeditor/vendor/laravel/framework/src/Illuminate/View/Middleware/ShareErrorsFromSession.php(55): Illuminate\Pipeline\Pipeline->Illuminate\Pipeline\{closure}(Object(Illuminate\Http\Request))
#45 /Users/user/Documents/project/moeditor/moeditor/vendor/laravel/framework/src/Illuminate/Pipeline/Pipeline.php(125): Illuminate\View\Middleware\ShareErrorsFromSession->handle(Object(Illuminate\Http\Request), Object(Closure))
#46 /Users/user/Documents/project/moeditor/moeditor/vendor/laravel/framework/src/Illuminate/Session/Middleware/StartSession.php(61): Illuminate\Pipeline\Pipeline->Illuminate\Pipeline\{closure}(Object(Illuminate\Http\Request))
#47 /Users/user/Documents/project/moeditor/moeditor/vendor/laravel/framework/src/Illuminate/Pipeline/Pipeline.php(125): Illuminate\Session\Middleware\StartSession->handle(Object(Illuminate\Http\Request), Object(Closure))
#48 /Users/user/Documents/project/moeditor/moeditor/vendor/laravel/framework/src/Illuminate/Cookie/Middleware/AddQueuedCookiesToResponse.php(36): Illuminate\Pipeline\Pipeline->Illuminate\Pipeline\{closure}(Object(Illuminate\Http\Request))
#49 /Users/user/Documents/project/moeditor/moeditor/vendor/laravel/framework/src/Illuminate/Pipeline/Pipeline.php(125): Illuminate\Cookie\Middleware\AddQueuedCookiesToResponse->handle(Object(Illuminate\Http\Request), Object(Closure))
#50 /Users/user/Documents/project/moeditor/moeditor/vendor/laravel/framework/src/Illuminate/Cookie/Middleware/EncryptCookies.php(40): Illuminate\Pipeline\Pipeline->Illuminate\Pipeline\{closure}(Object(Illuminate\Http\Request))
#51 /Users/user/Documents/project/moeditor/moeditor/vendor/laravel/framework/src/Illuminate/Pipeline/Pipeline.php(125): Illuminate\Cookie\Middleware\EncryptCookies->handle(Object(Illuminate\Http\Request), Object(Closure))
#52 /Users/user/Documents/project/moeditor/moeditor/vendor/laravel/framework/src/Illuminate/Foundation/Http/Middleware/CheckForMaintenanceMode.php(42): Illuminate\Pipeline\Pipeline->Illuminate\Pipeline\{closure}(Object(Illuminate\Http\Request))
#53 /Users/user/Documents/project/moeditor/moeditor/vendor/laravel/framework/src/Illuminate/Pipeline/Pipeline.php(125): Illuminate\Foundation\Http\Middleware\CheckForMaintenanceMode->handle(Object(Illuminate\Http\Request), Object(Closure))
#54 [internal function]: Illuminate\Pipeline\Pipeline->Illuminate\Pipeline\{closure}(Object(Illuminate\Http\Request))
#55 /Users/user/Documents/project/moeditor/moeditor/vendor/laravel/framework/src/Illuminate/Pipeline/Pipeline.php(101): call_user_func(Object(Closure), Object(Illuminate\Http\Request))
#56 /Users/user/Documents/project/moeditor/moeditor/vendor/laravel/framework/src/Illuminate/Foundation/Http/Kernel.php(115): Illuminate\Pipeline\Pipeline->then(Object(Closure))
#57 /Users/user/Documents/project/moeditor/moeditor/vendor/laravel/framework/src/Illuminate/Foundation/Http/Kernel.php(84): Illuminate\Foundation\Http\Kernel->sendRequestThroughRouter(Object(Illuminate\Http\Request))
#58 /Users/user/Documents/project/moeditor/moeditor/public/index.php(54): Illuminate\Foundation\Http\Kernel->handle(Object(Illuminate\Http\Request))
#59 {main}  
[2016-07-27 13:57:11] local.ERROR: exception 'PDOException' with message 'SQLSTATE[HY000] [2002] No such file or directory' in /Users/user/Documents/project/moeditor/moeditor/vendor/laravel/framework/src/Illuminate/Database/Connectors/Connector.php:47
Stack trace:
#0 /Users/user/Documents/project/moeditor/moeditor/vendor/laravel/framework/src/Illuminate/Database/Connectors/Connector.php(47): PDO->__construct('mysql:host=loca...', 'mobileop_test', 'test123', Array)
#1 /Users/user/Documents/project/moeditor/moeditor/vendor/laravel/framework/src/Illuminate/Database/Connectors/MySqlConnector.php(20): Illuminate\Database\Connectors\Connector->createConnection('mysql:host=loca...', Array, Array)
#2 /Users/user/Documents/project/moeditor/moeditor/vendor/laravel/framework/src/Illuminate/Database/Connectors/ConnectionFactory.php(58): Illuminate\Database\Connectors\MySqlConnector->connect(Array)
#3 /Users/user/Documents/project/moeditor/moeditor/vendor/laravel/framework/src/Illuminate/Database/Connectors/ConnectionFactory.php(47): Illuminate\Database\Connectors\ConnectionFactory->createSingleConnection(Array)
#4 /Users/user/Documents/project/moeditor/moeditor/vendor/laravel/framework/src/Illuminate/Database/DatabaseManager.php(177): Illuminate\Database\Connectors\ConnectionFactory->make(Array, 'mysql')
#5 /Users/user/Documents/project/moeditor/moeditor/vendor/laravel/framework/src/Illuminate/Database/DatabaseManager.php(65): Illuminate\Database\DatabaseManager->makeConnection('mysql')
#6 /Users/user/Documents/project/moeditor/moeditor/vendor/laravel/framework/src/Illuminate/Database/Migrations/DatabaseMigrationRepository.php(167): Illuminate\Database\DatabaseManager->connection(NULL)
#7 /Users/user/Documents/project/moeditor/moeditor/vendor/laravel/framework/src/Illuminate/Database/Migrations/DatabaseMigrationRepository.php(135): Illuminate\Database\Migrations\DatabaseMigrationRepository->getConnection()
#8 /Users/user/Documents/project/moeditor/moeditor/vendor/laravel/framework/src/Illuminate/Database/Migrations/Migrator.php(398): Illuminate\Database\Migrations\DatabaseMigrationRepository->repositoryExists()
#9 /Users/user/Documents/project/moeditor/moeditor/vendor/laravel/framework/src/Illuminate/Database/Console/Migrations/MigrateCommand.php(101): Illuminate\Database\Migrations\Migrator->repositoryExists()
#10 /Users/user/Documents/project/moeditor/moeditor/vendor/laravel/framework/src/Illuminate/Database/Console/Migrations/MigrateCommand.php(54): Illuminate\Database\Console\Migrations\MigrateCommand->prepareDatabase()
#11 [internal function]: Illuminate\Database\Console\Migrations\MigrateCommand->fire()
#12 /Users/user/Documents/project/moeditor/moeditor/vendor/laravel/framework/src/Illuminate/Container/Container.php(526): call_user_func_array(Array, Array)
#13 /Users/user/Documents/project/moeditor/moeditor/vendor/laravel/framework/src/Illuminate/Console/Command.php(115): Illuminate\Container\Container->call(Array)
#14 /Users/user/Documents/project/moeditor/moeditor/vendor/symfony/console/Symfony/Component/Console/Command/Command.php(257): Illuminate\Console\Command->execute(Object(Symfony\Component\Console\Input\ArgvInput), Object(Symfony\Component\Console\Output\ConsoleOutput))
#15 /Users/user/Documents/project/moeditor/moeditor/vendor/laravel/framework/src/Illuminate/Console/Command.php(101): Symfony\Component\Console\Command\Command->run(Object(Symfony\Component\Console\Input\ArgvInput), Object(Symfony\Component\Console\Output\ConsoleOutput))
#16 /Users/user/Documents/project/moeditor/moeditor/vendor/symfony/console/Symfony/Component/Console/Application.php(874): Illuminate\Console\Command->run(Object(Symfony\Component\Console\Input\ArgvInput), Object(Symfony\Component\Console\Output\ConsoleOutput))
#17 /Users/user/Documents/project/moeditor/moeditor/vendor/symfony/console/Symfony/Component/Console/Application.php(195): Symfony\Component\Console\Application->doRunCommand(Object(Illuminate\Database\Console\Migrations\MigrateCommand), Object(Symfony\Component\Console\Input\ArgvInput), Object(Symfony\Component\Console\Output\ConsoleOutput))
#18 /Users/user/Documents/project/moeditor/moeditor/vendor/symfony/console/Symfony/Component/Console/Application.php(126): Symfony\Component\Console\Application->doRun(Object(Symfony\Component\Console\Input\ArgvInput), Object(Symfony\Component\Console\Output\ConsoleOutput))
#19 /Users/user/Documents/project/moeditor/moeditor/vendor/laravel/framework/src/Illuminate/Foundation/Console/Kernel.php(94): Symfony\Component\Console\Application->run(Object(Symfony\Component\Console\Input\ArgvInput), Object(Symfony\Component\Console\Output\ConsoleOutput))
#20 /Users/user/Documents/project/moeditor/moeditor/artisan(36): Illuminate\Foundation\Console\Kernel->handle(Object(Symfony\Component\Console\Input\ArgvInput), Object(Symfony\Component\Console\Output\ConsoleOutput))
#21 {main}  
[2016-07-27 13:57:28] local.ERROR: exception 'PDOException' with message 'SQLSTATE[HY000] [2002] No such file or directory' in /Users/user/Documents/project/moeditor/moeditor/vendor/laravel/framework/src/Illuminate/Database/Connectors/Connector.php:47
Stack trace:
#0 /Users/user/Documents/project/moeditor/moeditor/vendor/laravel/framework/src/Illuminate/Database/Connectors/Connector.php(47): PDO->__construct('mysql:host=loca...', 'mobileop_test', 'test123', Array)
#1 /Users/user/Documents/project/moeditor/moeditor/vendor/laravel/framework/src/Illuminate/Database/Connectors/MySqlConnector.php(20): Illuminate\Database\Connectors\Connector->createConnection('mysql:host=loca...', Array, Array)
#2 /Users/user/Documents/project/moeditor/moeditor/vendor/laravel/framework/src/Illuminate/Database/Connectors/ConnectionFactory.php(58): Illuminate\Database\Connectors\MySqlConnector->connect(Array)
#3 /Users/user/Documents/project/moeditor/moeditor/vendor/laravel/framework/src/Illuminate/Database/Connectors/ConnectionFactory.php(47): Illuminate\Database\Connectors\ConnectionFactory->createSingleConnection(Array)
#4 /Users/user/Documents/project/moeditor/moeditor/vendor/laravel/framework/src/Illuminate/Database/DatabaseManager.php(177): Illuminate\Database\Connectors\ConnectionFactory->make(Array, 'mysql')
#5 /Users/user/Documents/project/moeditor/moeditor/vendor/laravel/framework/src/Illuminate/Database/DatabaseManager.php(65): Illuminate\Database\DatabaseManager->makeConnection('mysql')
#6 /Users/user/Documents/project/moeditor/moeditor/vendor/laravel/framework/src/Illuminate/Database/Migrations/DatabaseMigrationRepository.php(167): Illuminate\Database\DatabaseManager->connection(NULL)
#7 /Users/user/Documents/project/moeditor/moeditor/vendor/laravel/framework/src/Illuminate/Database/Migrations/DatabaseMigrationRepository.php(135): Illuminate\Database\Migrations\DatabaseMigrationRepository->getConnection()
#8 /Users/user/Documents/project/moeditor/moeditor/vendor/laravel/framework/src/Illuminate/Database/Migrations/Migrator.php(398): Illuminate\Database\Migrations\DatabaseMigrationRepository->repositoryExists()
#9 /Users/user/Documents/project/moeditor/moeditor/vendor/laravel/framework/src/Illuminate/Database/Console/Migrations/MigrateCommand.php(101): Illuminate\Database\Migrations\Migrator->repositoryExists()
#10 /Users/user/Documents/project/moeditor/moeditor/vendor/laravel/framework/src/Illuminate/Database/Console/Migrations/MigrateCommand.php(54): Illuminate\Database\Console\Migrations\MigrateCommand->prepareDatabase()
#11 [internal function]: Illuminate\Database\Console\Migrations\MigrateCommand->fire()
#12 /Users/user/Documents/project/moeditor/moeditor/vendor/laravel/framework/src/Illuminate/Container/Container.php(526): call_user_func_array(Array, Array)
#13 /Users/user/Documents/project/moeditor/moeditor/vendor/laravel/framework/src/Illuminate/Console/Command.php(115): Illuminate\Container\Container->call(Array)
#14 /Users/user/Documents/project/moeditor/moeditor/vendor/symfony/console/Symfony/Component/Console/Command/Command.php(257): Illuminate\Console\Command->execute(Object(Symfony\Component\Console\Input\ArgvInput), Object(Symfony\Component\Console\Output\ConsoleOutput))
#15 /Users/user/Documents/project/moeditor/moeditor/vendor/laravel/framework/src/Illuminate/Console/Command.php(101): Symfony\Component\Console\Command\Command->run(Object(Symfony\Component\Console\Input\ArgvInput), Object(Symfony\Component\Console\Output\ConsoleOutput))
#16 /Users/user/Documents/project/moeditor/moeditor/vendor/symfony/console/Symfony/Component/Console/Application.php(874): Illuminate\Console\Command->run(Object(Symfony\Component\Console\Input\ArgvInput), Object(Symfony\Component\Console\Output\ConsoleOutput))
#17 /Users/user/Documents/project/moeditor/moeditor/vendor/symfony/console/Symfony/Component/Console/Application.php(195): Symfony\Component\Console\Application->doRunCommand(Object(Illuminate\Database\Console\Migrations\MigrateCommand), Object(Symfony\Component\Console\Input\ArgvInput), Object(Symfony\Component\Console\Output\ConsoleOutput))
#18 /Users/user/Documents/project/moeditor/moeditor/vendor/symfony/console/Symfony/Component/Console/Application.php(126): Symfony\Component\Console\Application->doRun(Object(Symfony\Component\Console\Input\ArgvInput), Object(Symfony\Component\Console\Output\ConsoleOutput))
#19 /Users/user/Documents/project/moeditor/moeditor/vendor/laravel/framework/src/Illuminate/Foundation/Console/Kernel.php(94): Symfony\Component\Console\Application->run(Object(Symfony\Component\Console\Input\ArgvInput), Object(Symfony\Component\Console\Output\ConsoleOutput))
#20 /Users/user/Documents/project/moeditor/moeditor/artisan(36): Illuminate\Foundation\Console\Kernel->handle(Object(Symfony\Component\Console\Input\ArgvInput), Object(Symfony\Component\Console\Output\ConsoleOutput))
#21 {main}  
[2016-07-27 13:57:34] test.ERROR: exception 'PDOException' with message 'SQLSTATE[HY000] [2002] No such file or directory' in /Users/user/Documents/project/moeditor/moeditor/vendor/laravel/framework/src/Illuminate/Database/Connectors/Connector.php:47
Stack trace:
#0 /Users/user/Documents/project/moeditor/moeditor/vendor/laravel/framework/src/Illuminate/Database/Connectors/Connector.php(47): PDO->__construct('mysql:host=loca...', 'mobileop_test', 'test123', Array)
#1 /Users/user/Documents/project/moeditor/moeditor/vendor/laravel/framework/src/Illuminate/Database/Connectors/MySqlConnector.php(20): Illuminate\Database\Connectors\Connector->createConnection('mysql:host=loca...', Array, Array)
#2 /Users/user/Documents/project/moeditor/moeditor/vendor/laravel/framework/src/Illuminate/Database/Connectors/ConnectionFactory.php(58): Illuminate\Database\Connectors\MySqlConnector->connect(Array)
#3 /Users/user/Documents/project/moeditor/moeditor/vendor/laravel/framework/src/Illuminate/Database/Connectors/ConnectionFactory.php(47): Illuminate\Database\Connectors\ConnectionFactory->createSingleConnection(Array)
#4 /Users/user/Documents/project/moeditor/moeditor/vendor/laravel/framework/src/Illuminate/Database/DatabaseManager.php(177): Illuminate\Database\Connectors\ConnectionFactory->make(Array, 'mysql')
#5 /Users/user/Documents/project/moeditor/moeditor/vendor/laravel/framework/src/Illuminate/Database/DatabaseManager.php(65): Illuminate\Database\DatabaseManager->makeConnection('mysql')
#6 /Users/user/Documents/project/moeditor/moeditor/vendor/laravel/framework/src/Illuminate/Database/Migrations/DatabaseMigrationRepository.php(167): Illuminate\Database\DatabaseManager->connection(NULL)
#7 /Users/user/Documents/project/moeditor/moeditor/vendor/laravel/framework/src/Illuminate/Database/Migrations/DatabaseMigrationRepository.php(135): Illuminate\Database\Migrations\DatabaseMigrationRepository->getConnection()
#8 /Users/user/Documents/project/moeditor/moeditor/vendor/laravel/framework/src/Illuminate/Database/Migrations/Migrator.php(398): Illuminate\Database\Migrations\DatabaseMigrationRepository->repositoryExists()
#9 /Users/user/Documents/project/moeditor/moeditor/vendor/laravel/framework/src/Illuminate/Database/Console/Migrations/MigrateCommand.php(101): Illuminate\Database\Migrations\Migrator->repositoryExists()
#10 /Users/user/Documents/project/moeditor/moeditor/vendor/laravel/framework/src/Illuminate/Database/Console/Migrations/MigrateCommand.php(54): Illuminate\Database\Console\Migrations\MigrateCommand->prepareDatabase()
#11 [internal function]: Illuminate\Database\Console\Migrations\MigrateCommand->fire()
#12 /Users/user/Documents/project/moeditor/moeditor/vendor/laravel/framework/src/Illuminate/Container/Container.php(526): call_user_func_array(Array, Array)
#13 /Users/user/Documents/project/moeditor/moeditor/vendor/laravel/framework/src/Illuminate/Console/Command.php(115): Illuminate\Container\Container->call(Array)
#14 /Users/user/Documents/project/moeditor/moeditor/vendor/symfony/console/Symfony/Component/Console/Command/Command.php(257): Illuminate\Console\Command->execute(Object(Symfony\Component\Console\Input\ArgvInput), Object(Symfony\Component\Console\Output\ConsoleOutput))
#15 /Users/user/Documents/project/moeditor/moeditor/vendor/laravel/framework/src/Illuminate/Console/Command.php(101): Symfony\Component\Console\Command\Command->run(Object(Symfony\Component\Console\Input\ArgvInput), Object(Symfony\Component\Console\Output\ConsoleOutput))
#16 /Users/user/Documents/project/moeditor/moeditor/vendor/symfony/console/Symfony/Component/Console/Application.php(874): Illuminate\Console\Command->run(Object(Symfony\Component\Console\Input\ArgvInput), Object(Symfony\Component\Console\Output\ConsoleOutput))
#17 /Users/user/Documents/project/moeditor/moeditor/vendor/symfony/console/Symfony/Component/Console/Application.php(195): Symfony\Component\Console\Application->doRunCommand(Object(Illuminate\Database\Console\Migrations\MigrateCommand), Object(Symfony\Component\Console\Input\ArgvInput), Object(Symfony\Component\Console\Output\ConsoleOutput))
#18 /Users/user/Documents/project/moeditor/moeditor/vendor/symfony/console/Symfony/Component/Console/Application.php(126): Symfony\Component\Console\Application->doRun(Object(Symfony\Component\Console\Input\ArgvInput), Object(Symfony\Component\Console\Output\ConsoleOutput))
#19 /Users/user/Documents/project/moeditor/moeditor/vendor/laravel/framework/src/Illuminate/Foundation/Console/Kernel.php(94): Symfony\Component\Console\Application->run(Object(Symfony\Component\Console\Input\ArgvInput), Object(Symfony\Component\Console\Output\ConsoleOutput))
#20 /Users/user/Documents/project/moeditor/moeditor/artisan(36): Illuminate\Foundation\Console\Kernel->handle(Object(Symfony\Component\Console\Input\ArgvInput), Object(Symfony\Component\Console\Output\ConsoleOutput))
#21 {main}  
[2016-07-27 13:58:27] local.ERROR: exception 'Symfony\Component\Debug\Exception\FatalErrorException' with message 'Class 'MongoClient' not found' in /Users/user/Documents/project/moeditor/moeditor/vendor/jenssegers/mongodb/src/Jenssegers/Mongodb/Connection.php:152
Stack trace:
#0 {main}  
[2016-07-27 14:02:52] local.ERROR: exception 'Symfony\Component\Debug\Exception\FatalErrorException' with message 'Class 'MongoClient' not found' in /Users/user/Documents/project/moeditor/moeditor/vendor/jenssegers/mongodb/src/Jenssegers/Mongodb/Connection.php:152
Stack trace:
#0 {main}  
[2016-07-27 14:02:59] local.ERROR: exception 'Symfony\Component\Debug\Exception\FatalErrorException' with message 'Class 'MongoClient' not found' in /Users/user/Documents/project/moeditor/moeditor/vendor/jenssegers/mongodb/src/Jenssegers/Mongodb/Connection.php:152
Stack trace:
#0 {main}  
[2016-07-27 14:13:27] local.ERROR: exception 'Symfony\Component\Debug\Exception\FatalErrorException' with message 'Class 'MongoClient' not found' in /Users/user/Documents/project/moeditor/moeditor/vendor/jenssegers/mongodb/src/Jenssegers/Mongodb/Connection.php:152
Stack trace:
#0 {main}  
[2016-07-27 14:39:57] local.ERROR: exception 'MongoConnectionException' with message 'Failed to connect to: localhost:27017: Connection refused' in /Users/user/Documents/project/moeditor/moeditor/vendor/jenssegers/mongodb/src/Jenssegers/Mongodb/Connection.php:152
Stack trace:
#0 /Users/user/Documents/project/moeditor/moeditor/vendor/jenssegers/mongodb/src/Jenssegers/Mongodb/Connection.php(152): MongoClient->__construct('mongodb://local...', Array, Array)
#1 /Users/user/Documents/project/moeditor/moeditor/vendor/jenssegers/mongodb/src/Jenssegers/Mongodb/Connection.php(37): Jenssegers\Mongodb\Connection->createConnection('mongodb://local...', Array, Array)
#2 /Users/user/Documents/project/moeditor/moeditor/vendor/jenssegers/mongodb/src/Jenssegers/Mongodb/MongodbServiceProvider.php(26): Jenssegers\Mongodb\Connection->__construct(Array)
#3 [internal function]: Jenssegers\Mongodb\MongodbServiceProvider->Jenssegers\Mongodb\{closure}(Array, 'mongodb')
#4 /Users/user/Documents/project/moeditor/moeditor/vendor/laravel/framework/src/Illuminate/Database/DatabaseManager.php(164): call_user_func(Object(Closure), Array, 'mongodb')
#5 /Users/user/Documents/project/moeditor/moeditor/vendor/laravel/framework/src/Illuminate/Database/DatabaseManager.php(65): Illuminate\Database\DatabaseManager->makeConnection('mongodb')
#6 /Users/user/Documents/project/moeditor/moeditor/vendor/laravel/framework/src/Illuminate/Database/Eloquent/Model.php(3146): Illuminate\Database\DatabaseManager->connection('mongodb')
#7 /Users/user/Documents/project/moeditor/moeditor/vendor/laravel/framework/src/Illuminate/Database/Eloquent/Model.php(3112): Illuminate\Database\Eloquent\Model::resolveConnection('mongodb')
#8 /Users/user/Documents/project/moeditor/moeditor/vendor/jenssegers/mongodb/src/Jenssegers/Mongodb/Model.php(519): Illuminate\Database\Eloquent\Model->getConnection()
#9 /Users/user/Documents/project/moeditor/moeditor/vendor/laravel/framework/src/Illuminate/Database/Eloquent/Model.php(1828): Jenssegers\Mongodb\Model->newBaseQueryBuilder()
#10 /Users/user/Documents/project/moeditor/moeditor/vendor/laravel/framework/src/Illuminate/Database/Eloquent/Model.php(1802): Illuminate\Database\Eloquent\Model->newQueryWithoutScopes()
#11 /Users/user/Documents/project/moeditor/moeditor/vendor/laravel/framework/src/Illuminate/Database/Eloquent/Model.php(3360): Illuminate\Database\Eloquent\Model->newQuery()
#12 /Users/user/Documents/project/moeditor/moeditor/vendor/jenssegers/mongodb/src/Jenssegers/Mongodb/Model.php(539): Illuminate\Database\Eloquent\Model->__call('select', Array)
#13 [internal function]: Jenssegers\Mongodb\Model->__call('select', Array)
#14 [internal function]: MobileOptin\Models\SplitTestingStats->select('event', 'id_address', 'campaign_id', 'template', 'label', 'created_at')
#15 /Users/user/Documents/project/moeditor/moeditor/vendor/laravel/framework/src/Illuminate/Database/Eloquent/Model.php(3376): call_user_func_array(Array, Array)
#16 /Users/user/Documents/project/moeditor/moeditor/app/Models/SplitTestingStats.php(150): Illuminate\Database\Eloquent\Model::__callStatic('select', Array)
#17 /Users/user/Documents/project/moeditor/moeditor/app/Models/SplitTestingStats.php(150): MobileOptin\Models\SplitTestingStats::select('event', 'id_address', 'campaign_id', 'template', 'label', 'created_at')
#18 /Users/user/Documents/project/moeditor/moeditor/app/Http/Controllers/HomeController.php(111): MobileOptin\Models\SplitTestingStats::getMultiBasicInfo(Array, '-7days', 'now', true)
#19 [internal function]: MobileOptin\Http\Controllers\HomeController->index(Object(Illuminate\Http\Request))
#20 /Users/user/Documents/project/moeditor/moeditor/vendor/laravel/framework/src/Illuminate/Routing/Controller.php(246): call_user_func_array(Array, Array)
#21 /Users/user/Documents/project/moeditor/moeditor/vendor/laravel/framework/src/Illuminate/Routing/ControllerDispatcher.php(162): Illuminate\Routing\Controller->callAction('index', Array)
#22 /Users/user/Documents/project/moeditor/moeditor/vendor/laravel/framework/src/Illuminate/Routing/ControllerDispatcher.php(107): Illuminate\Routing\ControllerDispatcher->call(Object(MobileOptin\Http\Controllers\HomeController), Object(Illuminate\Routing\Route), 'index')
#23 [internal function]: Illuminate\Routing\ControllerDispatcher->Illuminate\Routing\{closure}(Object(Illuminate\Http\Request))
#24 /Users/user/Documents/project/moeditor/moeditor/vendor/laravel/framework/src/Illuminate/Pipeline/Pipeline.php(141): call_user_func(Object(Closure), Object(Illuminate\Http\Request))
#25 /Users/user/Documents/project/moeditor/moeditor/app/Http/Middleware/Authenticate.php(47): Illuminate\Pipeline\Pipeline->Illuminate\Pipeline\{closure}(Object(Illuminate\Http\Request))
#26 /Users/user/Documents/project/moeditor/moeditor/vendor/laravel/framework/src/Illuminate/Pipeline/Pipeline.php(125): MobileOptin\Http\Middleware\Authenticate->handle(Object(Illuminate\Http\Request), Object(Closure))
#27 [internal function]: Illuminate\Pipeline\Pipeline->Illuminate\Pipeline\{closure}(Object(Illuminate\Http\Request))
#28 /Users/user/Documents/project/moeditor/moeditor/vendor/laravel/framework/src/Illuminate/Pipeline/Pipeline.php(101): call_user_func(Object(Closure), Object(Illuminate\Http\Request))
#29 /Users/user/Documents/project/moeditor/moeditor/vendor/laravel/framework/src/Illuminate/Routing/ControllerDispatcher.php(108): Illuminate\Pipeline\Pipeline->then(Object(Closure))
#30 /Users/user/Documents/project/moeditor/moeditor/vendor/laravel/framework/src/Illuminate/Routing/ControllerDispatcher.php(67): Illuminate\Routing\ControllerDispatcher->callWithinStack(Object(MobileOptin\Http\Controllers\HomeController), Object(Illuminate\Routing\Route), Object(Illuminate\Http\Request), 'index')
#31 /Users/user/Documents/project/moeditor/moeditor/vendor/laravel/framework/src/Illuminate/Routing/Route.php(204): Illuminate\Routing\ControllerDispatcher->dispatch(Object(Illuminate\Routing\Route), Object(Illuminate\Http\Request), 'MobileOptin\\Htt...', 'index')
#32 /Users/user/Documents/project/moeditor/moeditor/vendor/laravel/framework/src/Illuminate/Routing/Route.php(134): Illuminate\Routing\Route->runWithCustomDispatcher(Object(Illuminate\Http\Request))
#33 /Users/user/Documents/project/moeditor/moeditor/vendor/laravel/framework/src/Illuminate/Routing/Router.php(701): Illuminate\Routing\Route->run(Object(Illuminate\Http\Request))
#34 [internal function]: Illuminate\Routing\Router->Illuminate\Routing\{closure}(Object(Illuminate\Http\Request))
#35 /Users/user/Documents/project/moeditor/moeditor/vendor/laravel/framework/src/Illuminate/Pipeline/Pipeline.php(141): call_user_func(Object(Closure), Object(Illuminate\Http\Request))
#36 [internal function]: Illuminate\Pipeline\Pipeline->Illuminate\Pipeline\{closure}(Object(Illuminate\Http\Request))
#37 /Users/user/Documents/project/moeditor/moeditor/vendor/laravel/framework/src/Illuminate/Pipeline/Pipeline.php(101): call_user_func(Object(Closure), Object(Illuminate\Http\Request))
#38 /Users/user/Documents/project/moeditor/moeditor/vendor/laravel/framework/src/Illuminate/Routing/Router.php(703): Illuminate\Pipeline\Pipeline->then(Object(Closure))
#39 /Users/user/Documents/project/moeditor/moeditor/vendor/laravel/framework/src/Illuminate/Routing/Router.php(670): Illuminate\Routing\Router->runRouteWithinStack(Object(Illuminate\Routing\Route), Object(Illuminate\Http\Request))
#40 /Users/user/Documents/project/moeditor/moeditor/vendor/laravel/framework/src/Illuminate/Routing/Router.php(628): Illuminate\Routing\Router->dispatchToRoute(Object(Illuminate\Http\Request))
#41 /Users/user/Documents/project/moeditor/moeditor/vendor/laravel/framework/src/Illuminate/Foundation/Http/Kernel.php(214): Illuminate\Routing\Router->dispatch(Object(Illuminate\Http\Request))
#42 [internal function]: Illuminate\Foundation\Http\Kernel->Illuminate\Foundation\Http\{closure}(Object(Illuminate\Http\Request))
#43 /Users/user/Documents/project/moeditor/moeditor/vendor/laravel/framework/src/Illuminate/Pipeline/Pipeline.php(141): call_user_func(Object(Closure), Object(Illuminate\Http\Request))
#44 /Users/user/Documents/project/moeditor/moeditor/vendor/itsgoingd/clockwork/Clockwork/Support/Laravel/ClockworkMiddleware.php(41): Illuminate\Pipeline\Pipeline->Illuminate\Pipeline\{closure}(Object(Illuminate\Http\Request))
#45 /Users/user/Documents/project/moeditor/moeditor/vendor/laravel/framework/src/Illuminate/Pipeline/Pipeline.php(125): Clockwork\Support\Laravel\ClockworkMiddleware->handle(Object(Illuminate\Http\Request), Object(Closure))
#46 /Users/user/Documents/project/moeditor/moeditor/vendor/laravel/framework/src/Illuminate/Foundation/Http/Middleware/VerifyCsrfToken.php(43): Illuminate\Pipeline\Pipeline->Illuminate\Pipeline\{closure}(Object(Illuminate\Http\Request))
#47 /Users/user/Documents/project/moeditor/moeditor/app/Http/Middleware/VerifyCsrfToken.php(21): Illuminate\Foundation\Http\Middleware\VerifyCsrfToken->handle(Object(Illuminate\Http\Request), Object(Closure))
#48 /Users/user/Documents/project/moeditor/moeditor/vendor/laravel/framework/src/Illuminate/Pipeline/Pipeline.php(125): MobileOptin\Http\Middleware\VerifyCsrfToken->handle(Object(Illuminate\Http\Request), Object(Closure))
#49 /Users/user/Documents/project/moeditor/moeditor/vendor/laravel/framework/src/Illuminate/View/Middleware/ShareErrorsFromSession.php(55): Illuminate\Pipeline\Pipeline->Illuminate\Pipeline\{closure}(Object(Illuminate\Http\Request))
#50 /Users/user/Documents/project/moeditor/moeditor/vendor/laravel/framework/src/Illuminate/Pipeline/Pipeline.php(125): Illuminate\View\Middleware\ShareErrorsFromSession->handle(Object(Illuminate\Http\Request), Object(Closure))
#51 /Users/user/Documents/project/moeditor/moeditor/vendor/laravel/framework/src/Illuminate/Session/Middleware/StartSession.php(61): Illuminate\Pipeline\Pipeline->Illuminate\Pipeline\{closure}(Object(Illuminate\Http\Request))
#52 /Users/user/Documents/project/moeditor/moeditor/vendor/laravel/framework/src/Illuminate/Pipeline/Pipeline.php(125): Illuminate\Session\Middleware\StartSession->handle(Object(Illuminate\Http\Request), Object(Closure))
#53 /Users/user/Documents/project/moeditor/moeditor/vendor/laravel/framework/src/Illuminate/Cookie/Middleware/AddQueuedCookiesToResponse.php(36): Illuminate\Pipeline\Pipeline->Illuminate\Pipeline\{closure}(Object(Illuminate\Http\Request))
#54 /Users/user/Documents/project/moeditor/moeditor/vendor/laravel/framework/src/Illuminate/Pipeline/Pipeline.php(125): Illuminate\Cookie\Middleware\AddQueuedCookiesToResponse->handle(Object(Illuminate\Http\Request), Object(Closure))
#55 /Users/user/Documents/project/moeditor/moeditor/vendor/laravel/framework/src/Illuminate/Cookie/Middleware/EncryptCookies.php(40): Illuminate\Pipeline\Pipeline->Illuminate\Pipeline\{closure}(Object(Illuminate\Http\Request))
#56 /Users/user/Documents/project/moeditor/moeditor/vendor/laravel/framework/src/Illuminate/Pipeline/Pipeline.php(125): Illuminate\Cookie\Middleware\EncryptCookies->handle(Object(Illuminate\Http\Request), Object(Closure))
#57 /Users/user/Documents/project/moeditor/moeditor/vendor/laravel/framework/src/Illuminate/Foundation/Http/Middleware/CheckForMaintenanceMode.php(42): Illuminate\Pipeline\Pipeline->Illuminate\Pipeline\{closure}(Object(Illuminate\Http\Request))
#58 /Users/user/Documents/project/moeditor/moeditor/vendor/laravel/framework/src/Illuminate/Pipeline/Pipeline.php(125): Illuminate\Foundation\Http\Middleware\CheckForMaintenanceMode->handle(Object(Illuminate\Http\Request), Object(Closure))
#59 [internal function]: Illuminate\Pipeline\Pipeline->Illuminate\Pipeline\{closure}(Object(Illuminate\Http\Request))
#60 /Users/user/Documents/project/moeditor/moeditor/vendor/laravel/framework/src/Illuminate/Pipeline/Pipeline.php(101): call_user_func(Object(Closure), Object(Illuminate\Http\Request))
#61 /Users/user/Documents/project/moeditor/moeditor/vendor/laravel/framework/src/Illuminate/Foundation/Http/Kernel.php(115): Illuminate\Pipeline\Pipeline->then(Object(Closure))
#62 /Users/user/Documents/project/moeditor/moeditor/vendor/laravel/framework/src/Illuminate/Foundation/Http/Kernel.php(84): Illuminate\Foundation\Http\Kernel->sendRequestThroughRouter(Object(Illuminate\Http\Request))
#63 /Users/user/Documents/project/moeditor/moeditor/public/index.php(54): Illuminate\Foundation\Http\Kernel->handle(Object(Illuminate\Http\Request))
#64 {main}  
[2016-07-27 15:24:24] local.ERROR: exception 'MongoConnectionException' with message 'Failed to connect to: localhost:27017: SASL Authentication failed on database 'tesha': Authentication failed.' in /Users/user/Documents/project/moeditor/moeditor/vendor/jenssegers/mongodb/src/Jenssegers/Mongodb/Connection.php:152
Stack trace:
#0 /Users/user/Documents/project/moeditor/moeditor/vendor/jenssegers/mongodb/src/Jenssegers/Mongodb/Connection.php(152): MongoClient->__construct('mongodb://local...', Array, Array)
#1 /Users/user/Documents/project/moeditor/moeditor/vendor/jenssegers/mongodb/src/Jenssegers/Mongodb/Connection.php(37): Jenssegers\Mongodb\Connection->createConnection('mongodb://local...', Array, Array)
#2 /Users/user/Documents/project/moeditor/moeditor/vendor/jenssegers/mongodb/src/Jenssegers/Mongodb/MongodbServiceProvider.php(26): Jenssegers\Mongodb\Connection->__construct(Array)
#3 [internal function]: Jenssegers\Mongodb\MongodbServiceProvider->Jenssegers\Mongodb\{closure}(Array, 'mongodb')
#4 /Users/user/Documents/project/moeditor/moeditor/vendor/laravel/framework/src/Illuminate/Database/DatabaseManager.php(164): call_user_func(Object(Closure), Array, 'mongodb')
#5 /Users/user/Documents/project/moeditor/moeditor/vendor/laravel/framework/src/Illuminate/Database/DatabaseManager.php(65): Illuminate\Database\DatabaseManager->makeConnection('mongodb')
#6 /Users/user/Documents/project/moeditor/moeditor/vendor/laravel/framework/src/Illuminate/Database/Eloquent/Model.php(3146): Illuminate\Database\DatabaseManager->connection('mongodb')
#7 /Users/user/Documents/project/moeditor/moeditor/vendor/laravel/framework/src/Illuminate/Database/Eloquent/Model.php(3112): Illuminate\Database\Eloquent\Model::resolveConnection('mongodb')
#8 /Users/user/Documents/project/moeditor/moeditor/vendor/jenssegers/mongodb/src/Jenssegers/Mongodb/Model.php(519): Illuminate\Database\Eloquent\Model->getConnection()
#9 /Users/user/Documents/project/moeditor/moeditor/vendor/laravel/framework/src/Illuminate/Database/Eloquent/Model.php(1828): Jenssegers\Mongodb\Model->newBaseQueryBuilder()
#10 /Users/user/Documents/project/moeditor/moeditor/vendor/laravel/framework/src/Illuminate/Database/Eloquent/Model.php(1802): Illuminate\Database\Eloquent\Model->newQueryWithoutScopes()
#11 /Users/user/Documents/project/moeditor/moeditor/vendor/laravel/framework/src/Illuminate/Database/Eloquent/Model.php(3360): Illuminate\Database\Eloquent\Model->newQuery()
#12 /Users/user/Documents/project/moeditor/moeditor/vendor/jenssegers/mongodb/src/Jenssegers/Mongodb/Model.php(539): Illuminate\Database\Eloquent\Model->__call('select', Array)
#13 [internal function]: Jenssegers\Mongodb\Model->__call('select', Array)
#14 [internal function]: MobileOptin\Models\SplitTestingStats->select('event', 'id_address', 'campaign_id', 'template', 'label', 'created_at')
#15 /Users/user/Documents/project/moeditor/moeditor/vendor/laravel/framework/src/Illuminate/Database/Eloquent/Model.php(3376): call_user_func_array(Array, Array)
#16 /Users/user/Documents/project/moeditor/moeditor/app/Models/SplitTestingStats.php(150): Illuminate\Database\Eloquent\Model::__callStatic('select', Array)
#17 /Users/user/Documents/project/moeditor/moeditor/app/Models/SplitTestingStats.php(150): MobileOptin\Models\SplitTestingStats::select('event', 'id_address', 'campaign_id', 'template', 'label', 'created_at')
#18 /Users/user/Documents/project/moeditor/moeditor/app/Http/Controllers/HomeController.php(111): MobileOptin\Models\SplitTestingStats::getMultiBasicInfo(Array, '-7days', 'now', true)
#19 [internal function]: MobileOptin\Http\Controllers\HomeController->index(Object(Illuminate\Http\Request))
#20 /Users/user/Documents/project/moeditor/moeditor/vendor/laravel/framework/src/Illuminate/Routing/Controller.php(246): call_user_func_array(Array, Array)
#21 /Users/user/Documents/project/moeditor/moeditor/vendor/laravel/framework/src/Illuminate/Routing/ControllerDispatcher.php(162): Illuminate\Routing\Controller->callAction('index', Array)
#22 /Users/user/Documents/project/moeditor/moeditor/vendor/laravel/framework/src/Illuminate/Routing/ControllerDispatcher.php(107): Illuminate\Routing\ControllerDispatcher->call(Object(MobileOptin\Http\Controllers\HomeController), Object(Illuminate\Routing\Route), 'index')
#23 [internal function]: Illuminate\Routing\ControllerDispatcher->Illuminate\Routing\{closure}(Object(Illuminate\Http\Request))
#24 /Users/user/Documents/project/moeditor/moeditor/vendor/laravel/framework/src/Illuminate/Pipeline/Pipeline.php(141): call_user_func(Object(Closure), Object(Illuminate\Http\Request))
#25 /Users/user/Documents/project/moeditor/moeditor/app/Http/Middleware/Authenticate.php(47): Illuminate\Pipeline\Pipeline->Illuminate\Pipeline\{closure}(Object(Illuminate\Http\Request))
#26 /Users/user/Documents/project/moeditor/moeditor/vendor/laravel/framework/src/Illuminate/Pipeline/Pipeline.php(125): MobileOptin\Http\Middleware\Authenticate->handle(Object(Illuminate\Http\Request), Object(Closure))
#27 [internal function]: Illuminate\Pipeline\Pipeline->Illuminate\Pipeline\{closure}(Object(Illuminate\Http\Request))
#28 /Users/user/Documents/project/moeditor/moeditor/vendor/laravel/framework/src/Illuminate/Pipeline/Pipeline.php(101): call_user_func(Object(Closure), Object(Illuminate\Http\Request))
#29 /Users/user/Documents/project/moeditor/moeditor/vendor/laravel/framework/src/Illuminate/Routing/ControllerDispatcher.php(108): Illuminate\Pipeline\Pipeline->then(Object(Closure))
#30 /Users/user/Documents/project/moeditor/moeditor/vendor/laravel/framework/src/Illuminate/Routing/ControllerDispatcher.php(67): Illuminate\Routing\ControllerDispatcher->callWithinStack(Object(MobileOptin\Http\Controllers\HomeController), Object(Illuminate\Routing\Route), Object(Illuminate\Http\Request), 'index')
#31 /Users/user/Documents/project/moeditor/moeditor/vendor/laravel/framework/src/Illuminate/Routing/Route.php(204): Illuminate\Routing\ControllerDispatcher->dispatch(Object(Illuminate\Routing\Route), Object(Illuminate\Http\Request), 'MobileOptin\\Htt...', 'index')
#32 /Users/user/Documents/project/moeditor/moeditor/vendor/laravel/framework/src/Illuminate/Routing/Route.php(134): Illuminate\Routing\Route->runWithCustomDispatcher(Object(Illuminate\Http\Request))
#33 /Users/user/Documents/project/moeditor/moeditor/vendor/laravel/framework/src/Illuminate/Routing/Router.php(701): Illuminate\Routing\Route->run(Object(Illuminate\Http\Request))
#34 [internal function]: Illuminate\Routing\Router->Illuminate\Routing\{closure}(Object(Illuminate\Http\Request))
#35 /Users/user/Documents/project/moeditor/moeditor/vendor/laravel/framework/src/Illuminate/Pipeline/Pipeline.php(141): call_user_func(Object(Closure), Object(Illuminate\Http\Request))
#36 [internal function]: Illuminate\Pipeline\Pipeline->Illuminate\Pipeline\{closure}(Object(Illuminate\Http\Request))
#37 /Users/user/Documents/project/moeditor/moeditor/vendor/laravel/framework/src/Illuminate/Pipeline/Pipeline.php(101): call_user_func(Object(Closure), Object(Illuminate\Http\Request))
#38 /Users/user/Documents/project/moeditor/moeditor/vendor/laravel/framework/src/Illuminate/Routing/Router.php(703): Illuminate\Pipeline\Pipeline->then(Object(Closure))
#39 /Users/user/Documents/project/moeditor/moeditor/vendor/laravel/framework/src/Illuminate/Routing/Router.php(670): Illuminate\Routing\Router->runRouteWithinStack(Object(Illuminate\Routing\Route), Object(Illuminate\Http\Request))
#40 /Users/user/Documents/project/moeditor/moeditor/vendor/laravel/framework/src/Illuminate/Routing/Router.php(628): Illuminate\Routing\Router->dispatchToRoute(Object(Illuminate\Http\Request))
#41 /Users/user/Documents/project/moeditor/moeditor/vendor/laravel/framework/src/Illuminate/Foundation/Http/Kernel.php(214): Illuminate\Routing\Router->dispatch(Object(Illuminate\Http\Request))
#42 [internal function]: Illuminate\Foundation\Http\Kernel->Illuminate\Foundation\Http\{closure}(Object(Illuminate\Http\Request))
#43 /Users/user/Documents/project/moeditor/moeditor/vendor/laravel/framework/src/Illuminate/Pipeline/Pipeline.php(141): call_user_func(Object(Closure), Object(Illuminate\Http\Request))
#44 /Users/user/Documents/project/moeditor/moeditor/vendor/itsgoingd/clockwork/Clockwork/Support/Laravel/ClockworkMiddleware.php(41): Illuminate\Pipeline\Pipeline->Illuminate\Pipeline\{closure}(Object(Illuminate\Http\Request))
#45 /Users/user/Documents/project/moeditor/moeditor/vendor/laravel/framework/src/Illuminate/Pipeline/Pipeline.php(125): Clockwork\Support\Laravel\ClockworkMiddleware->handle(Object(Illuminate\Http\Request), Object(Closure))
#46 /Users/user/Documents/project/moeditor/moeditor/vendor/laravel/framework/src/Illuminate/Foundation/Http/Middleware/VerifyCsrfToken.php(43): Illuminate\Pipeline\Pipeline->Illuminate\Pipeline\{closure}(Object(Illuminate\Http\Request))
#47 /Users/user/Documents/project/moeditor/moeditor/app/Http/Middleware/VerifyCsrfToken.php(21): Illuminate\Foundation\Http\Middleware\VerifyCsrfToken->handle(Object(Illuminate\Http\Request), Object(Closure))
#48 /Users/user/Documents/project/moeditor/moeditor/vendor/laravel/framework/src/Illuminate/Pipeline/Pipeline.php(125): MobileOptin\Http\Middleware\VerifyCsrfToken->handle(Object(Illuminate\Http\Request), Object(Closure))
#49 /Users/user/Documents/project/moeditor/moeditor/vendor/laravel/framework/src/Illuminate/View/Middleware/ShareErrorsFromSession.php(55): Illuminate\Pipeline\Pipeline->Illuminate\Pipeline\{closure}(Object(Illuminate\Http\Request))
#50 /Users/user/Documents/project/moeditor/moeditor/vendor/laravel/framework/src/Illuminate/Pipeline/Pipeline.php(125): Illuminate\View\Middleware\ShareErrorsFromSession->handle(Object(Illuminate\Http\Request), Object(Closure))
#51 /Users/user/Documents/project/moeditor/moeditor/vendor/laravel/framework/src/Illuminate/Session/Middleware/StartSession.php(61): Illuminate\Pipeline\Pipeline->Illuminate\Pipeline\{closure}(Object(Illuminate\Http\Request))
#52 /Users/user/Documents/project/moeditor/moeditor/vendor/laravel/framework/src/Illuminate/Pipeline/Pipeline.php(125): Illuminate\Session\Middleware\StartSession->handle(Object(Illuminate\Http\Request), Object(Closure))
#53 /Users/user/Documents/project/moeditor/moeditor/vendor/laravel/framework/src/Illuminate/Cookie/Middleware/AddQueuedCookiesToResponse.php(36): Illuminate\Pipeline\Pipeline->Illuminate\Pipeline\{closure}(Object(Illuminate\Http\Request))
#54 /Users/user/Documents/project/moeditor/moeditor/vendor/laravel/framework/src/Illuminate/Pipeline/Pipeline.php(125): Illuminate\Cookie\Middleware\AddQueuedCookiesToResponse->handle(Object(Illuminate\Http\Request), Object(Closure))
#55 /Users/user/Documents/project/moeditor/moeditor/vendor/laravel/framework/src/Illuminate/Cookie/Middleware/EncryptCookies.php(40): Illuminate\Pipeline\Pipeline->Illuminate\Pipeline\{closure}(Object(Illuminate\Http\Request))
#56 /Users/user/Documents/project/moeditor/moeditor/vendor/laravel/framework/src/Illuminate/Pipeline/Pipeline.php(125): Illuminate\Cookie\Middleware\EncryptCookies->handle(Object(Illuminate\Http\Request), Object(Closure))
#57 /Users/user/Documents/project/moeditor/moeditor/vendor/laravel/framework/src/Illuminate/Foundation/Http/Middleware/CheckForMaintenanceMode.php(42): Illuminate\Pipeline\Pipeline->Illuminate\Pipeline\{closure}(Object(Illuminate\Http\Request))
#58 /Users/user/Documents/project/moeditor/moeditor/vendor/laravel/framework/src/Illuminate/Pipeline/Pipeline.php(125): Illuminate\Foundation\Http\Middleware\CheckForMaintenanceMode->handle(Object(Illuminate\Http\Request), Object(Closure))
#59 [internal function]: Illuminate\Pipeline\Pipeline->Illuminate\Pipeline\{closure}(Object(Illuminate\Http\Request))
#60 /Users/user/Documents/project/moeditor/moeditor/vendor/laravel/framework/src/Illuminate/Pipeline/Pipeline.php(101): call_user_func(Object(Closure), Object(Illuminate\Http\Request))
#61 /Users/user/Documents/project/moeditor/moeditor/vendor/laravel/framework/src/Illuminate/Foundation/Http/Kernel.php(115): Illuminate\Pipeline\Pipeline->then(Object(Closure))
#62 /Users/user/Documents/project/moeditor/moeditor/vendor/laravel/framework/src/Illuminate/Foundation/Http/Kernel.php(84): Illuminate\Foundation\Http\Kernel->sendRequestThroughRouter(Object(Illuminate\Http\Request))
#63 /Users/user/Documents/project/moeditor/moeditor/public/index.php(54): Illuminate\Foundation\Http\Kernel->handle(Object(Illuminate\Http\Request))
#64 {main}  
[2016-07-27 15:30:27] local.ERROR: exception 'MongoConnectionException' with message 'Failed to connect to: localhost:27017: SASL Authentication failed on database 'tesha': Authentication failed.' in /Users/user/Documents/project/moeditor/moeditor/vendor/jenssegers/mongodb/src/Jenssegers/Mongodb/Connection.php:152
Stack trace:
#0 /Users/user/Documents/project/moeditor/moeditor/vendor/jenssegers/mongodb/src/Jenssegers/Mongodb/Connection.php(152): MongoClient->__construct('mongodb://local...', Array, Array)
#1 /Users/user/Documents/project/moeditor/moeditor/vendor/jenssegers/mongodb/src/Jenssegers/Mongodb/Connection.php(37): Jenssegers\Mongodb\Connection->createConnection('mongodb://local...', Array, Array)
#2 /Users/user/Documents/project/moeditor/moeditor/vendor/jenssegers/mongodb/src/Jenssegers/Mongodb/MongodbServiceProvider.php(26): Jenssegers\Mongodb\Connection->__construct(Array)
#3 [internal function]: Jenssegers\Mongodb\MongodbServiceProvider->Jenssegers\Mongodb\{closure}(Array, 'mongodb')
#4 /Users/user/Documents/project/moeditor/moeditor/vendor/laravel/framework/src/Illuminate/Database/DatabaseManager.php(164): call_user_func(Object(Closure), Array, 'mongodb')
#5 /Users/user/Documents/project/moeditor/moeditor/vendor/laravel/framework/src/Illuminate/Database/DatabaseManager.php(65): Illuminate\Database\DatabaseManager->makeConnection('mongodb')
#6 /Users/user/Documents/project/moeditor/moeditor/vendor/laravel/framework/src/Illuminate/Database/Eloquent/Model.php(3146): Illuminate\Database\DatabaseManager->connection('mongodb')
#7 /Users/user/Documents/project/moeditor/moeditor/vendor/laravel/framework/src/Illuminate/Database/Eloquent/Model.php(3112): Illuminate\Database\Eloquent\Model::resolveConnection('mongodb')
#8 /Users/user/Documents/project/moeditor/moeditor/vendor/jenssegers/mongodb/src/Jenssegers/Mongodb/Model.php(519): Illuminate\Database\Eloquent\Model->getConnection()
#9 /Users/user/Documents/project/moeditor/moeditor/vendor/laravel/framework/src/Illuminate/Database/Eloquent/Model.php(1828): Jenssegers\Mongodb\Model->newBaseQueryBuilder()
#10 /Users/user/Documents/project/moeditor/moeditor/vendor/laravel/framework/src/Illuminate/Database/Eloquent/Model.php(1802): Illuminate\Database\Eloquent\Model->newQueryWithoutScopes()
#11 /Users/user/Documents/project/moeditor/moeditor/vendor/laravel/framework/src/Illuminate/Database/Eloquent/Model.php(3360): Illuminate\Database\Eloquent\Model->newQuery()
#12 /Users/user/Documents/project/moeditor/moeditor/vendor/jenssegers/mongodb/src/Jenssegers/Mongodb/Model.php(539): Illuminate\Database\Eloquent\Model->__call('select', Array)
#13 [internal function]: Jenssegers\Mongodb\Model->__call('select', Array)
#14 [internal function]: MobileOptin\Models\SplitTestingStats->select('event', 'id_address', 'campaign_id', 'template', 'label', 'created_at')
#15 /Users/user/Documents/project/moeditor/moeditor/vendor/laravel/framework/src/Illuminate/Database/Eloquent/Model.php(3376): call_user_func_array(Array, Array)
#16 /Users/user/Documents/project/moeditor/moeditor/app/Models/SplitTestingStats.php(150): Illuminate\Database\Eloquent\Model::__callStatic('select', Array)
#17 /Users/user/Documents/project/moeditor/moeditor/app/Models/SplitTestingStats.php(150): MobileOptin\Models\SplitTestingStats::select('event', 'id_address', 'campaign_id', 'template', 'label', 'created_at')
#18 /Users/user/Documents/project/moeditor/moeditor/app/Http/Controllers/HomeController.php(111): MobileOptin\Models\SplitTestingStats::getMultiBasicInfo(Array, '-7days', 'now', true)
#19 [internal function]: MobileOptin\Http\Controllers\HomeController->index(Object(Illuminate\Http\Request))
#20 /Users/user/Documents/project/moeditor/moeditor/vendor/laravel/framework/src/Illuminate/Routing/Controller.php(246): call_user_func_array(Array, Array)
#21 /Users/user/Documents/project/moeditor/moeditor/vendor/laravel/framework/src/Illuminate/Routing/ControllerDispatcher.php(162): Illuminate\Routing\Controller->callAction('index', Array)
#22 /Users/user/Documents/project/moeditor/moeditor/vendor/laravel/framework/src/Illuminate/Routing/ControllerDispatcher.php(107): Illuminate\Routing\ControllerDispatcher->call(Object(MobileOptin\Http\Controllers\HomeController), Object(Illuminate\Routing\Route), 'index')
#23 [internal function]: Illuminate\Routing\ControllerDispatcher->Illuminate\Routing\{closure}(Object(Illuminate\Http\Request))
#24 /Users/user/Documents/project/moeditor/moeditor/vendor/laravel/framework/src/Illuminate/Pipeline/Pipeline.php(141): call_user_func(Object(Closure), Object(Illuminate\Http\Request))
#25 /Users/user/Documents/project/moeditor/moeditor/app/Http/Middleware/Authenticate.php(47): Illuminate\Pipeline\Pipeline->Illuminate\Pipeline\{closure}(Object(Illuminate\Http\Request))
#26 /Users/user/Documents/project/moeditor/moeditor/vendor/laravel/framework/src/Illuminate/Pipeline/Pipeline.php(125): MobileOptin\Http\Middleware\Authenticate->handle(Object(Illuminate\Http\Request), Object(Closure))
#27 [internal function]: Illuminate\Pipeline\Pipeline->Illuminate\Pipeline\{closure}(Object(Illuminate\Http\Request))
#28 /Users/user/Documents/project/moeditor/moeditor/vendor/laravel/framework/src/Illuminate/Pipeline/Pipeline.php(101): call_user_func(Object(Closure), Object(Illuminate\Http\Request))
#29 /Users/user/Documents/project/moeditor/moeditor/vendor/laravel/framework/src/Illuminate/Routing/ControllerDispatcher.php(108): Illuminate\Pipeline\Pipeline->then(Object(Closure))
#30 /Users/user/Documents/project/moeditor/moeditor/vendor/laravel/framework/src/Illuminate/Routing/ControllerDispatcher.php(67): Illuminate\Routing\ControllerDispatcher->callWithinStack(Object(MobileOptin\Http\Controllers\HomeController), Object(Illuminate\Routing\Route), Object(Illuminate\Http\Request), 'index')
#31 /Users/user/Documents/project/moeditor/moeditor/vendor/laravel/framework/src/Illuminate/Routing/Route.php(204): Illuminate\Routing\ControllerDispatcher->dispatch(Object(Illuminate\Routing\Route), Object(Illuminate\Http\Request), 'MobileOptin\\Htt...', 'index')
#32 /Users/user/Documents/project/moeditor/moeditor/vendor/laravel/framework/src/Illuminate/Routing/Route.php(134): Illuminate\Routing\Route->runWithCustomDispatcher(Object(Illuminate\Http\Request))
#33 /Users/user/Documents/project/moeditor/moeditor/vendor/laravel/framework/src/Illuminate/Routing/Router.php(701): Illuminate\Routing\Route->run(Object(Illuminate\Http\Request))
#34 [internal function]: Illuminate\Routing\Router->Illuminate\Routing\{closure}(Object(Illuminate\Http\Request))
#35 /Users/user/Documents/project/moeditor/moeditor/vendor/laravel/framework/src/Illuminate/Pipeline/Pipeline.php(141): call_user_func(Object(Closure), Object(Illuminate\Http\Request))
#36 [internal function]: Illuminate\Pipeline\Pipeline->Illuminate\Pipeline\{closure}(Object(Illuminate\Http\Request))
#37 /Users/user/Documents/project/moeditor/moeditor/vendor/laravel/framework/src/Illuminate/Pipeline/Pipeline.php(101): call_user_func(Object(Closure), Object(Illuminate\Http\Request))
#38 /Users/user/Documents/project/moeditor/moeditor/vendor/laravel/framework/src/Illuminate/Routing/Router.php(703): Illuminate\Pipeline\Pipeline->then(Object(Closure))
#39 /Users/user/Documents/project/moeditor/moeditor/vendor/laravel/framework/src/Illuminate/Routing/Router.php(670): Illuminate\Routing\Router->runRouteWithinStack(Object(Illuminate\Routing\Route), Object(Illuminate\Http\Request))
#40 /Users/user/Documents/project/moeditor/moeditor/vendor/laravel/framework/src/Illuminate/Routing/Router.php(628): Illuminate\Routing\Router->dispatchToRoute(Object(Illuminate\Http\Request))
#41 /Users/user/Documents/project/moeditor/moeditor/vendor/laravel/framework/src/Illuminate/Foundation/Http/Kernel.php(214): Illuminate\Routing\Router->dispatch(Object(Illuminate\Http\Request))
#42 [internal function]: Illuminate\Foundation\Http\Kernel->Illuminate\Foundation\Http\{closure}(Object(Illuminate\Http\Request))
#43 /Users/user/Documents/project/moeditor/moeditor/vendor/laravel/framework/src/Illuminate/Pipeline/Pipeline.php(141): call_user_func(Object(Closure), Object(Illuminate\Http\Request))
#44 /Users/user/Documents/project/moeditor/moeditor/vendor/itsgoingd/clockwork/Clockwork/Support/Laravel/ClockworkMiddleware.php(41): Illuminate\Pipeline\Pipeline->Illuminate\Pipeline\{closure}(Object(Illuminate\Http\Request))
#45 /Users/user/Documents/project/moeditor/moeditor/vendor/laravel/framework/src/Illuminate/Pipeline/Pipeline.php(125): Clockwork\Support\Laravel\ClockworkMiddleware->handle(Object(Illuminate\Http\Request), Object(Closure))
#46 /Users/user/Documents/project/moeditor/moeditor/vendor/laravel/framework/src/Illuminate/Foundation/Http/Middleware/VerifyCsrfToken.php(43): Illuminate\Pipeline\Pipeline->Illuminate\Pipeline\{closure}(Object(Illuminate\Http\Request))
#47 /Users/user/Documents/project/moeditor/moeditor/app/Http/Middleware/VerifyCsrfToken.php(21): Illuminate\Foundation\Http\Middleware\VerifyCsrfToken->handle(Object(Illuminate\Http\Request), Object(Closure))
#48 /Users/user/Documents/project/moeditor/moeditor/vendor/laravel/framework/src/Illuminate/Pipeline/Pipeline.php(125): MobileOptin\Http\Middleware\VerifyCsrfToken->handle(Object(Illuminate\Http\Request), Object(Closure))
#49 /Users/user/Documents/project/moeditor/moeditor/vendor/laravel/framework/src/Illuminate/View/Middleware/ShareErrorsFromSession.php(55): Illuminate\Pipeline\Pipeline->Illuminate\Pipeline\{closure}(Object(Illuminate\Http\Request))
#50 /Users/user/Documents/project/moeditor/moeditor/vendor/laravel/framework/src/Illuminate/Pipeline/Pipeline.php(125): Illuminate\View\Middleware\ShareErrorsFromSession->handle(Object(Illuminate\Http\Request), Object(Closure))
#51 /Users/user/Documents/project/moeditor/moeditor/vendor/laravel/framework/src/Illuminate/Session/Middleware/StartSession.php(61): Illuminate\Pipeline\Pipeline->Illuminate\Pipeline\{closure}(Object(Illuminate\Http\Request))
#52 /Users/user/Documents/project/moeditor/moeditor/vendor/laravel/framework/src/Illuminate/Pipeline/Pipeline.php(125): Illuminate\Session\Middleware\StartSession->handle(Object(Illuminate\Http\Request), Object(Closure))
#53 /Users/user/Documents/project/moeditor/moeditor/vendor/laravel/framework/src/Illuminate/Cookie/Middleware/AddQueuedCookiesToResponse.php(36): Illuminate\Pipeline\Pipeline->Illuminate\Pipeline\{closure}(Object(Illuminate\Http\Request))
#54 /Users/user/Documents/project/moeditor/moeditor/vendor/laravel/framework/src/Illuminate/Pipeline/Pipeline.php(125): Illuminate\Cookie\Middleware\AddQueuedCookiesToResponse->handle(Object(Illuminate\Http\Request), Object(Closure))
#55 /Users/user/Documents/project/moeditor/moeditor/vendor/laravel/framework/src/Illuminate/Cookie/Middleware/EncryptCookies.php(40): Illuminate\Pipeline\Pipeline->Illuminate\Pipeline\{closure}(Object(Illuminate\Http\Request))
#56 /Users/user/Documents/project/moeditor/moeditor/vendor/laravel/framework/src/Illuminate/Pipeline/Pipeline.php(125): Illuminate\Cookie\Middleware\EncryptCookies->handle(Object(Illuminate\Http\Request), Object(Closure))
#57 /Users/user/Documents/project/moeditor/moeditor/vendor/laravel/framework/src/Illuminate/Foundation/Http/Middleware/CheckForMaintenanceMode.php(42): Illuminate\Pipeline\Pipeline->Illuminate\Pipeline\{closure}(Object(Illuminate\Http\Request))
#58 /Users/user/Documents/project/moeditor/moeditor/vendor/laravel/framework/src/Illuminate/Pipeline/Pipeline.php(125): Illuminate\Foundation\Http\Middleware\CheckForMaintenanceMode->handle(Object(Illuminate\Http\Request), Object(Closure))
#59 [internal function]: Illuminate\Pipeline\Pipeline->Illuminate\Pipeline\{closure}(Object(Illuminate\Http\Request))
#60 /Users/user/Documents/project/moeditor/moeditor/vendor/laravel/framework/src/Illuminate/Pipeline/Pipeline.php(101): call_user_func(Object(Closure), Object(Illuminate\Http\Request))
#61 /Users/user/Documents/project/moeditor/moeditor/vendor/laravel/framework/src/Illuminate/Foundation/Http/Kernel.php(115): Illuminate\Pipeline\Pipeline->then(Object(Closure))
#62 /Users/user/Documents/project/moeditor/moeditor/vendor/laravel/framework/src/Illuminate/Foundation/Http/Kernel.php(84): Illuminate\Foundation\Http\Kernel->sendRequestThroughRouter(Object(Illuminate\Http\Request))
#63 /Users/user/Documents/project/moeditor/moeditor/public/index.php(54): Illuminate\Foundation\Http\Kernel->handle(Object(Illuminate\Http\Request))
#64 {main}  
[2016-07-27 15:39:20] local.ERROR: exception 'MongoConnectionException' with message 'Failed to connect to: 127.0.0.1:27017: SASL Authentication failed on database 'tesha': Authentication failed.' in /Users/user/Documents/project/moeditor/moeditor/vendor/jenssegers/mongodb/src/Jenssegers/Mongodb/Connection.php:152
Stack trace:
#0 /Users/user/Documents/project/moeditor/moeditor/vendor/jenssegers/mongodb/src/Jenssegers/Mongodb/Connection.php(152): MongoClient->__construct('mongodb://127.0...', Array, Array)
#1 /Users/user/Documents/project/moeditor/moeditor/vendor/jenssegers/mongodb/src/Jenssegers/Mongodb/Connection.php(37): Jenssegers\Mongodb\Connection->createConnection('mongodb://127.0...', Array, Array)
#2 /Users/user/Documents/project/moeditor/moeditor/vendor/jenssegers/mongodb/src/Jenssegers/Mongodb/MongodbServiceProvider.php(26): Jenssegers\Mongodb\Connection->__construct(Array)
#3 [internal function]: Jenssegers\Mongodb\MongodbServiceProvider->Jenssegers\Mongodb\{closure}(Array, 'mongodb')
#4 /Users/user/Documents/project/moeditor/moeditor/vendor/laravel/framework/src/Illuminate/Database/DatabaseManager.php(164): call_user_func(Object(Closure), Array, 'mongodb')
#5 /Users/user/Documents/project/moeditor/moeditor/vendor/laravel/framework/src/Illuminate/Database/DatabaseManager.php(65): Illuminate\Database\DatabaseManager->makeConnection('mongodb')
#6 /Users/user/Documents/project/moeditor/moeditor/vendor/laravel/framework/src/Illuminate/Database/Eloquent/Model.php(3146): Illuminate\Database\DatabaseManager->connection('mongodb')
#7 /Users/user/Documents/project/moeditor/moeditor/vendor/laravel/framework/src/Illuminate/Database/Eloquent/Model.php(3112): Illuminate\Database\Eloquent\Model::resolveConnection('mongodb')
#8 /Users/user/Documents/project/moeditor/moeditor/vendor/jenssegers/mongodb/src/Jenssegers/Mongodb/Model.php(519): Illuminate\Database\Eloquent\Model->getConnection()
#9 /Users/user/Documents/project/moeditor/moeditor/vendor/laravel/framework/src/Illuminate/Database/Eloquent/Model.php(1828): Jenssegers\Mongodb\Model->newBaseQueryBuilder()
#10 /Users/user/Documents/project/moeditor/moeditor/vendor/laravel/framework/src/Illuminate/Database/Eloquent/Model.php(1802): Illuminate\Database\Eloquent\Model->newQueryWithoutScopes()
#11 /Users/user/Documents/project/moeditor/moeditor/vendor/laravel/framework/src/Illuminate/Database/Eloquent/Model.php(3360): Illuminate\Database\Eloquent\Model->newQuery()
#12 /Users/user/Documents/project/moeditor/moeditor/vendor/jenssegers/mongodb/src/Jenssegers/Mongodb/Model.php(539): Illuminate\Database\Eloquent\Model->__call('select', Array)
#13 [internal function]: Jenssegers\Mongodb\Model->__call('select', Array)
#14 [internal function]: MobileOptin\Models\SplitTestingStats->select('event', 'id_address', 'campaign_id', 'template', 'label', 'created_at')
#15 /Users/user/Documents/project/moeditor/moeditor/vendor/laravel/framework/src/Illuminate/Database/Eloquent/Model.php(3376): call_user_func_array(Array, Array)
#16 /Users/user/Documents/project/moeditor/moeditor/app/Models/SplitTestingStats.php(150): Illuminate\Database\Eloquent\Model::__callStatic('select', Array)
#17 /Users/user/Documents/project/moeditor/moeditor/app/Models/SplitTestingStats.php(150): MobileOptin\Models\SplitTestingStats::select('event', 'id_address', 'campaign_id', 'template', 'label', 'created_at')
#18 /Users/user/Documents/project/moeditor/moeditor/app/Http/Controllers/HomeController.php(111): MobileOptin\Models\SplitTestingStats::getMultiBasicInfo(Array, '-7days', 'now', true)
#19 [internal function]: MobileOptin\Http\Controllers\HomeController->index(Object(Illuminate\Http\Request))
#20 /Users/user/Documents/project/moeditor/moeditor/vendor/laravel/framework/src/Illuminate/Routing/Controller.php(246): call_user_func_array(Array, Array)
#21 /Users/user/Documents/project/moeditor/moeditor/vendor/laravel/framework/src/Illuminate/Routing/ControllerDispatcher.php(162): Illuminate\Routing\Controller->callAction('index', Array)
#22 /Users/user/Documents/project/moeditor/moeditor/vendor/laravel/framework/src/Illuminate/Routing/ControllerDispatcher.php(107): Illuminate\Routing\ControllerDispatcher->call(Object(MobileOptin\Http\Controllers\HomeController), Object(Illuminate\Routing\Route), 'index')
#23 [internal function]: Illuminate\Routing\ControllerDispatcher->Illuminate\Routing\{closure}(Object(Illuminate\Http\Request))
#24 /Users/user/Documents/project/moeditor/moeditor/vendor/laravel/framework/src/Illuminate/Pipeline/Pipeline.php(141): call_user_func(Object(Closure), Object(Illuminate\Http\Request))
#25 /Users/user/Documents/project/moeditor/moeditor/app/Http/Middleware/Authenticate.php(47): Illuminate\Pipeline\Pipeline->Illuminate\Pipeline\{closure}(Object(Illuminate\Http\Request))
#26 /Users/user/Documents/project/moeditor/moeditor/vendor/laravel/framework/src/Illuminate/Pipeline/Pipeline.php(125): MobileOptin\Http\Middleware\Authenticate->handle(Object(Illuminate\Http\Request), Object(Closure))
#27 [internal function]: Illuminate\Pipeline\Pipeline->Illuminate\Pipeline\{closure}(Object(Illuminate\Http\Request))
#28 /Users/user/Documents/project/moeditor/moeditor/vendor/laravel/framework/src/Illuminate/Pipeline/Pipeline.php(101): call_user_func(Object(Closure), Object(Illuminate\Http\Request))
#29 /Users/user/Documents/project/moeditor/moeditor/vendor/laravel/framework/src/Illuminate/Routing/ControllerDispatcher.php(108): Illuminate\Pipeline\Pipeline->then(Object(Closure))
#30 /Users/user/Documents/project/moeditor/moeditor/vendor/laravel/framework/src/Illuminate/Routing/ControllerDispatcher.php(67): Illuminate\Routing\ControllerDispatcher->callWithinStack(Object(MobileOptin\Http\Controllers\HomeController), Object(Illuminate\Routing\Route), Object(Illuminate\Http\Request), 'index')
#31 /Users/user/Documents/project/moeditor/moeditor/vendor/laravel/framework/src/Illuminate/Routing/Route.php(204): Illuminate\Routing\ControllerDispatcher->dispatch(Object(Illuminate\Routing\Route), Object(Illuminate\Http\Request), 'MobileOptin\\Htt...', 'index')
#32 /Users/user/Documents/project/moeditor/moeditor/vendor/laravel/framework/src/Illuminate/Routing/Route.php(134): Illuminate\Routing\Route->runWithCustomDispatcher(Object(Illuminate\Http\Request))
#33 /Users/user/Documents/project/moeditor/moeditor/vendor/laravel/framework/src/Illuminate/Routing/Router.php(701): Illuminate\Routing\Route->run(Object(Illuminate\Http\Request))
#34 [internal function]: Illuminate\Routing\Router->Illuminate\Routing\{closure}(Object(Illuminate\Http\Request))
#35 /Users/user/Documents/project/moeditor/moeditor/vendor/laravel/framework/src/Illuminate/Pipeline/Pipeline.php(141): call_user_func(Object(Closure), Object(Illuminate\Http\Request))
#36 [internal function]: Illuminate\Pipeline\Pipeline->Illuminate\Pipeline\{closure}(Object(Illuminate\Http\Request))
#37 /Users/user/Documents/project/moeditor/moeditor/vendor/laravel/framework/src/Illuminate/Pipeline/Pipeline.php(101): call_user_func(Object(Closure), Object(Illuminate\Http\Request))
#38 /Users/user/Documents/project/moeditor/moeditor/vendor/laravel/framework/src/Illuminate/Routing/Router.php(703): Illuminate\Pipeline\Pipeline->then(Object(Closure))
#39 /Users/user/Documents/project/moeditor/moeditor/vendor/laravel/framework/src/Illuminate/Routing/Router.php(670): Illuminate\Routing\Router->runRouteWithinStack(Object(Illuminate\Routing\Route), Object(Illuminate\Http\Request))
#40 /Users/user/Documents/project/moeditor/moeditor/vendor/laravel/framework/src/Illuminate/Routing/Router.php(628): Illuminate\Routing\Router->dispatchToRoute(Object(Illuminate\Http\Request))
#41 /Users/user/Documents/project/moeditor/moeditor/vendor/laravel/framework/src/Illuminate/Foundation/Http/Kernel.php(214): Illuminate\Routing\Router->dispatch(Object(Illuminate\Http\Request))
#42 [internal function]: Illuminate\Foundation\Http\Kernel->Illuminate\Foundation\Http\{closure}(Object(Illuminate\Http\Request))
#43 /Users/user/Documents/project/moeditor/moeditor/vendor/laravel/framework/src/Illuminate/Pipeline/Pipeline.php(141): call_user_func(Object(Closure), Object(Illuminate\Http\Request))
#44 /Users/user/Documents/project/moeditor/moeditor/vendor/itsgoingd/clockwork/Clockwork/Support/Laravel/ClockworkMiddleware.php(41): Illuminate\Pipeline\Pipeline->Illuminate\Pipeline\{closure}(Object(Illuminate\Http\Request))
#45 /Users/user/Documents/project/moeditor/moeditor/vendor/laravel/framework/src/Illuminate/Pipeline/Pipeline.php(125): Clockwork\Support\Laravel\ClockworkMiddleware->handle(Object(Illuminate\Http\Request), Object(Closure))
#46 /Users/user/Documents/project/moeditor/moeditor/vendor/laravel/framework/src/Illuminate/Foundation/Http/Middleware/VerifyCsrfToken.php(43): Illuminate\Pipeline\Pipeline->Illuminate\Pipeline\{closure}(Object(Illuminate\Http\Request))
#47 /Users/user/Documents/project/moeditor/moeditor/app/Http/Middleware/VerifyCsrfToken.php(21): Illuminate\Foundation\Http\Middleware\VerifyCsrfToken->handle(Object(Illuminate\Http\Request), Object(Closure))
#48 /Users/user/Documents/project/moeditor/moeditor/vendor/laravel/framework/src/Illuminate/Pipeline/Pipeline.php(125): MobileOptin\Http\Middleware\VerifyCsrfToken->handle(Object(Illuminate\Http\Request), Object(Closure))
#49 /Users/user/Documents/project/moeditor/moeditor/vendor/laravel/framework/src/Illuminate/View/Middleware/ShareErrorsFromSession.php(55): Illuminate\Pipeline\Pipeline->Illuminate\Pipeline\{closure}(Object(Illuminate\Http\Request))
#50 /Users/user/Documents/project/moeditor/moeditor/vendor/laravel/framework/src/Illuminate/Pipeline/Pipeline.php(125): Illuminate\View\Middleware\ShareErrorsFromSession->handle(Object(Illuminate\Http\Request), Object(Closure))
#51 /Users/user/Documents/project/moeditor/moeditor/vendor/laravel/framework/src/Illuminate/Session/Middleware/StartSession.php(61): Illuminate\Pipeline\Pipeline->Illuminate\Pipeline\{closure}(Object(Illuminate\Http\Request))
#52 /Users/user/Documents/project/moeditor/moeditor/vendor/laravel/framework/src/Illuminate/Pipeline/Pipeline.php(125): Illuminate\Session\Middleware\StartSession->handle(Object(Illuminate\Http\Request), Object(Closure))
#53 /Users/user/Documents/project/moeditor/moeditor/vendor/laravel/framework/src/Illuminate/Cookie/Middleware/AddQueuedCookiesToResponse.php(36): Illuminate\Pipeline\Pipeline->Illuminate\Pipeline\{closure}(Object(Illuminate\Http\Request))
#54 /Users/user/Documents/project/moeditor/moeditor/vendor/laravel/framework/src/Illuminate/Pipeline/Pipeline.php(125): Illuminate\Cookie\Middleware\AddQueuedCookiesToResponse->handle(Object(Illuminate\Http\Request), Object(Closure))
#55 /Users/user/Documents/project/moeditor/moeditor/vendor/laravel/framework/src/Illuminate/Cookie/Middleware/EncryptCookies.php(40): Illuminate\Pipeline\Pipeline->Illuminate\Pipeline\{closure}(Object(Illuminate\Http\Request))
#56 /Users/user/Documents/project/moeditor/moeditor/vendor/laravel/framework/src/Illuminate/Pipeline/Pipeline.php(125): Illuminate\Cookie\Middleware\EncryptCookies->handle(Object(Illuminate\Http\Request), Object(Closure))
#57 /Users/user/Documents/project/moeditor/moeditor/vendor/laravel/framework/src/Illuminate/Foundation/Http/Middleware/CheckForMaintenanceMode.php(42): Illuminate\Pipeline\Pipeline->Illuminate\Pipeline\{closure}(Object(Illuminate\Http\Request))
#58 /Users/user/Documents/project/moeditor/moeditor/vendor/laravel/framework/src/Illuminate/Pipeline/Pipeline.php(125): Illuminate\Foundation\Http\Middleware\CheckForMaintenanceMode->handle(Object(Illuminate\Http\Request), Object(Closure))
#59 [internal function]: Illuminate\Pipeline\Pipeline->Illuminate\Pipeline\{closure}(Object(Illuminate\Http\Request))
#60 /Users/user/Documents/project/moeditor/moeditor/vendor/laravel/framework/src/Illuminate/Pipeline/Pipeline.php(101): call_user_func(Object(Closure), Object(Illuminate\Http\Request))
#61 /Users/user/Documents/project/moeditor/moeditor/vendor/laravel/framework/src/Illuminate/Foundation/Http/Kernel.php(115): Illuminate\Pipeline\Pipeline->then(Object(Closure))
#62 /Users/user/Documents/project/moeditor/moeditor/vendor/laravel/framework/src/Illuminate/Foundation/Http/Kernel.php(84): Illuminate\Foundation\Http\Kernel->sendRequestThroughRouter(Object(Illuminate\Http\Request))
#63 /Users/user/Documents/project/moeditor/moeditor/public/index.php(54): Illuminate\Foundation\Http\Kernel->handle(Object(Illuminate\Http\Request))
#64 {main}  
